<?xml version="1.0" encoding="UTF-8" ?>
<testsuite failures="0" time="2.765" errors="9" skipped="0" tests="9" name="com.serjann.force.domain.MechIntegrationTest">
  <properties>
[...]
</properties>
  <testcase time="1.422" classname="com.serjann.force.domain.MechIntegrationTest" name="testMarkerMethod">
    <error message="Failed to load ApplicationContext" type="java.lang.IllegalStateException">java.lang.IllegalStateException: Failed to load ApplicationContext
	at org.springframework.test.context.TestContext.getApplicationContext(TestContext.java:308)
	at org.springframework.test.context.support.DependencyInjectionTestExecutionListener.injectDependencies(DependencyInjectionTestExecutionListener.java:109)
	at org.springframework.test.context.support.DependencyInjectionTestExecutionListener.prepareTestInstance(DependencyInjectionTestExecutionListener.java:75)
	at org.springframework.test.context.TestContextManager.prepareTestInstance(TestContextManager.java:321)
	at org.springframework.test.context.junit4.SpringJUnit4ClassRunner.createTest(SpringJUnit4ClassRunner.java:211)
	at org.springframework.test.context.junit4.SpringJUnit4ClassRunner$1.runReflectiveCall(SpringJUnit4ClassRunner.java:287)
	at org.junit.internal.runners.model.ReflectiveCallable.run(ReflectiveCallable.java:15)
	at org.springframework.test.context.junit4.SpringJUnit4ClassRunner.methodBlock(SpringJUnit4ClassRunner.java:289)
	at org.springframework.test.context.junit4.SpringJUnit4ClassRunner.runChild(SpringJUnit4ClassRunner.java:231)
	at org.junit.runners.BlockJUnit4ClassRunner.runChild(BlockJUnit4ClassRunner.java:49)
	at org.junit.runners.ParentRunner$3.run(ParentRunner.java:193)
	at org.junit.runners.ParentRunner$1.schedule(ParentRunner.java:52)
	at org.junit.runners.ParentRunner.runChildren(ParentRunner.java:191)
	at org.junit.runners.ParentRunner.access$000(ParentRunner.java:42)
	at org.junit.runners.ParentRunner$2.evaluate(ParentRunner.java:184)
	at org.springframework.test.context.junit4.statements.RunBeforeTestClassCallbacks.evaluate(RunBeforeTestClassCallbacks.java:61)
	at org.springframework.test.context.junit4.statements.RunAfterTestClassCallbacks.evaluate(RunAfterTestClassCallbacks.java:70)
	at org.junit.runners.ParentRunner.run(ParentRunner.java:236)
	at org.springframework.test.context.junit4.SpringJUnit4ClassRunner.run(SpringJUnit4ClassRunner.java:174)
	at org.apache.maven.surefire.junit4.JUnit4TestSet.execute(JUnit4TestSet.java:53)
	at org.apache.maven.surefire.junit4.JUnit4Provider.executeTestSet(JUnit4Provider.java:119)
	at org.apache.maven.surefire.junit4.JUnit4Provider.invoke(JUnit4Provider.java:101)
	at sun.reflect.NativeMethodAccessorImpl.invoke0(Native Method)
	at sun.reflect.NativeMethodAccessorImpl.invoke(NativeMethodAccessorImpl.java:39)
	at sun.reflect.DelegatingMethodAccessorImpl.invoke(DelegatingMethodAccessorImpl.java:25)
	at java.lang.reflect.Method.invoke(Method.java:597)
	at org.apache.maven.surefire.booter.ProviderFactory$ClassLoaderProxy.invoke(ProviderFactory.java:103)
	at $Proxy0.invoke(Unknown Source)
	at org.apache.maven.surefire.booter.SurefireStarter.invokeProvider(SurefireStarter.java:150)
	at org.apache.maven.surefire.booter.SurefireStarter.runSuitesInProcess(SurefireStarter.java:91)
	at org.apache.maven.surefire.booter.ForkedBooter.main(ForkedBooter.java:69)
Caused by: org.springframework.beans.factory.BeanCreationException: Error creating bean with name &apos;transactionManager&apos; defined in file [C:\Projects\RooRelForce120M1\target\classes\META-INF\spring\applicationContext.xml]: Cannot resolve reference to bean &apos;entityManagerFactory&apos; while setting bean property &apos;entityManagerFactory&apos;; nested exception is org.springframework.beans.factory.BeanCreationException: Error creating bean with name &apos;entityManagerFactory&apos; defined in file [C:\Projects\RooRelForce120M1\target\classes\META-INF\spring\applicationContext.xml]: Invocation of init method failed; nested exception is org.datanucleus.exceptions.NucleusException: Failed to get next element
	at org.springframework.beans.factory.support.BeanDefinitionValueResolver.resolveReference(BeanDefinitionValueResolver.java:328)
	at org.springframework.beans.factory.support.BeanDefinitionValueResolver.resolveValueIfNecessary(BeanDefinitionValueResolver.java:106)
	at org.springframework.beans.factory.support.AbstractAutowireCapableBeanFactory.applyPropertyValues(AbstractAutowireCapableBeanFactory.java:1325)
	at org.springframework.beans.factory.support.AbstractAutowireCapableBeanFactory.populateBean(AbstractAutowireCapableBeanFactory.java:1086)
	at org.springframework.beans.factory.support.AbstractAutowireCapableBeanFactory.doCreateBean(AbstractAutowireCapableBeanFactory.java:517)
	at org.springframework.beans.factory.support.AbstractAutowireCapableBeanFactory.createBean(AbstractAutowireCapableBeanFactory.java:456)
	at org.springframework.beans.factory.support.AbstractBeanFactory$1.getObject(AbstractBeanFactory.java:293)
	at org.springframework.beans.factory.support.DefaultSingletonBeanRegistry.getSingleton(DefaultSingletonBeanRegistry.java:222)
	at org.springframework.beans.factory.support.AbstractBeanFactory.doGetBean(AbstractBeanFactory.java:290)
	at org.springframework.beans.factory.support.AbstractBeanFactory.getBean(AbstractBeanFactory.java:192)
	at org.springframework.beans.factory.support.DefaultListableBeanFactory.preInstantiateSingletons(DefaultListableBeanFactory.java:585)
	at org.springframework.context.support.AbstractApplicationContext.finishBeanFactoryInitialization(AbstractApplicationContext.java:895)
	at org.springframework.context.support.AbstractApplicationContext.refresh(AbstractApplicationContext.java:425)
	at org.springframework.test.context.support.AbstractGenericContextLoader.loadContext(AbstractGenericContextLoader.java:84)
	at org.springframework.test.context.support.AbstractGenericContextLoader.loadContext(AbstractGenericContextLoader.java:1)
	at org.springframework.test.context.TestContext.loadApplicationContext(TestContext.java:280)
	at org.springframework.test.context.TestContext.getApplicationContext(TestContext.java:304)
	... 30 more
Caused by: org.springframework.beans.factory.BeanCreationException: Error creating bean with name &apos;entityManagerFactory&apos; defined in file [C:\Projects\RooRelForce120M1\target\classes\META-INF\spring\applicationContext.xml]: Invocation of init method failed; nested exception is org.datanucleus.exceptions.NucleusException: Failed to get next element
	at org.springframework.beans.factory.support.AbstractAutowireCapableBeanFactory.initializeBean(AbstractAutowireCapableBeanFactory.java:1420)
	at org.springframework.beans.factory.support.AbstractAutowireCapableBeanFactory.doCreateBean(AbstractAutowireCapableBeanFactory.java:519)
	at org.springframework.beans.factory.support.AbstractAutowireCapableBeanFactory.createBean(AbstractAutowireCapableBeanFactory.java:456)
	at org.springframework.beans.factory.support.AbstractBeanFactory$1.getObject(AbstractBeanFactory.java:293)
	at org.springframework.beans.factory.support.DefaultSingletonBeanRegistry.getSingleton(DefaultSingletonBeanRegistry.java:222)
	at org.springframework.beans.factory.support.AbstractBeanFactory.doGetBean(AbstractBeanFactory.java:290)
	at org.springframework.beans.factory.support.AbstractBeanFactory.getBean(AbstractBeanFactory.java:192)
	at org.springframework.beans.factory.support.BeanDefinitionValueResolver.resolveReference(BeanDefinitionValueResolver.java:322)
	... 46 more
Caused by: org.datanucleus.exceptions.NucleusException: Failed to get next element
	at com.force.sdk.jpa.schema.ForceStoreSchemaHandler.cacheDescribeSObjects(ForceStoreSchemaHandler.java:153)
	at com.force.sdk.jpa.ForceStoreManager.preInitialiseFileMetaData(ForceStoreManager.java:309)
	at com.force.sdk.jpa.ForceMetaDataManager.initialiseFileMetaDataForUse(ForceMetaDataManager.java:262)
	at org.datanucleus.metadata.MetaDataManager.loadPersistenceUnit(MetaDataManager.java:854)
	at com.force.sdk.jpa.ForceMetaDataManager.loadPersistenceUnit(ForceMetaDataManager.java:113)
	at org.datanucleus.jpa.EntityManagerFactoryImpl.initialisePMF(EntityManagerFactoryImpl.java:598)
	at org.datanucleus.jpa.EntityManagerFactoryImpl.&lt;init&gt;(EntityManagerFactoryImpl.java:282)
	at com.force.sdk.jpa.ForceEntityManagerFactory.&lt;init&gt;(ForceEntityManagerFactory.java:53)
	at com.force.sdk.jpa.PersistenceProviderImpl.createContainerEntityManagerFactory(PersistenceProviderImpl.java:59)
	at org.springframework.orm.jpa.LocalContainerEntityManagerFactoryBean.createNativeEntityManagerFactory(LocalContainerEntityManagerFactoryBean.java:225)
	at org.springframework.orm.jpa.AbstractEntityManagerFactoryBean.afterPropertiesSet(AbstractEntityManagerFactoryBean.java:310)
	at org.springframework.beans.factory.support.AbstractAutowireCapableBeanFactory.invokeInitMethods(AbstractAutowireCapableBeanFactory.java:1477)
	at org.springframework.beans.factory.support.AbstractAutowireCapableBeanFactory.initializeBean(AbstractAutowireCapableBeanFactory.java:1417)
	... 53 more
Caused by: com.sforce.ws.ConnectionException: Failed to get next element
	at com.sforce.ws.parser.XmlInputStream.nextTag(XmlInputStream.java:168)
	at com.sforce.ws.transport.SoapConnection.readSoapEnvelopeStart(SoapConnection.java:249)
	at com.sforce.ws.transport.SoapConnection.bind(SoapConnection.java:163)
	at com.sforce.ws.transport.SoapConnection.receive(SoapConnection.java:147)
	at com.sforce.ws.transport.SoapConnection.send(SoapConnection.java:98)
	at com.sforce.soap.partner.PartnerConnection.login(PartnerConnection.java:1664)
	at com.sforce.soap.partner.PartnerConnection.&lt;init&gt;(PartnerConnection.java:430)
	at com.sforce.soap.partner.Connector.newConnection(Connector.java:27)
	at com.force.sdk.connector.ForceServiceConnector.initConnection(ForceServiceConnector.java:260)
	at com.force.sdk.connector.ForceServiceConnector.initMetadataConnection(ForceServiceConnector.java:416)
	at com.force.sdk.connector.ForceServiceConnector.getNamespace(ForceServiceConnector.java:492)
	at com.force.sdk.jpa.ForceManagedConnection.getNamespace(ForceManagedConnection.java:111)
	at com.force.sdk.jpa.schema.ForceStoreSchemaHandler.cacheDescribeSObjects(ForceStoreSchemaHandler.java:124)
	... 65 more
Caused by: com.sforce.ws.parser.XmlPullParserException: only whitespace content allowed before start tag and not  (position: START_DOCUMENT seen ... @1:1) 
	at com.sforce.ws.parser.MXParser.parseProlog(MXParser.java:1505)
	at com.sforce.ws.parser.MXParser.nextImpl(MXParser.java:1382)
	at com.sforce.ws.parser.MXParser.next(MXParser.java:1085)
	at com.sforce.ws.parser.MXParser.nextTag(MXParser.java:1070)
	at com.sforce.ws.parser.XmlInputStream.nextTag(XmlInputStream.java:166)
	... 77 more
</error>
    <system-out>@HL
@HL-------------------------------------------------------
@HL T E S T S
@HL-------------------------------------------------------
@SLRunning com.serjann.force.domain.MechIntegrationTest
2011-09-23 09:29:46,562 [main] ERROR org.springframework.test.context.TestContextManager - Caught exception while allowing TestExecutionListener [org.springframework.test.context.support.DependencyInjectionTestExecutionListener@ffd135] to prepare test instance [com.serjann.force.domain.MechIntegrationTest@1000bcf]
java.lang.IllegalStateException: Failed to load ApplicationContext
	at org.springframework.test.context.TestContext.getApplicationContext(TestContext.java:308)
	at org.springframework.test.context.support.DependencyInjectionTestExecutionListener.injectDependencies(DependencyInjectionTestExecutionListener.java:109)
	at org.springframework.test.context.support.DependencyInjectionTestExecutionListener.prepareTestInstance(DependencyInjectionTestExecutionListener.java:75)
	at org.springframework.test.context.TestContextManager.prepareTestInstance(TestContextManager.java:321)
	at org.springframework.test.context.junit4.SpringJUnit4ClassRunner.createTest(SpringJUnit4ClassRunner.java:211)
	at org.springframework.test.context.junit4.SpringJUnit4ClassRunner$1.runReflectiveCall(SpringJUnit4ClassRunner.java:287)
	at org.junit.internal.runners.model.ReflectiveCallable.run(ReflectiveCallable.java:15)
	at org.springframework.test.context.junit4.SpringJUnit4ClassRunner.methodBlock(SpringJUnit4ClassRunner.java:289)
	at org.springframework.test.context.junit4.SpringJUnit4ClassRunner.runChild(SpringJUnit4ClassRunner.java:231)
	at org.junit.runners.BlockJUnit4ClassRunner.runChild(BlockJUnit4ClassRunner.java:49)
	at org.junit.runners.ParentRunner$3.run(ParentRunner.java:193)
	at org.junit.runners.ParentRunner$1.schedule(ParentRunner.java:52)
	at org.junit.runners.ParentRunner.runChildren(ParentRunner.java:191)
	at org.junit.runners.ParentRunner.access$000(ParentRunner.java:42)
	at org.junit.runners.ParentRunner$2.evaluate(ParentRunner.java:184)
	at org.springframework.test.context.junit4.statements.RunBeforeTestClassCallbacks.evaluate(RunBeforeTestClassCallbacks.java:61)
	at org.springframework.test.context.junit4.statements.RunAfterTestClassCallbacks.evaluate(RunAfterTestClassCallbacks.java:70)
	at org.junit.runners.ParentRunner.run(ParentRunner.java:236)
	at org.springframework.test.context.junit4.SpringJUnit4ClassRunner.run(SpringJUnit4ClassRunner.java:174)
	at org.apache.maven.surefire.junit4.JUnit4TestSet.execute(JUnit4TestSet.java:53)
	at org.apache.maven.surefire.junit4.JUnit4Provider.executeTestSet(JUnit4Provider.java:119)
	at org.apache.maven.surefire.junit4.JUnit4Provider.invoke(JUnit4Provider.java:101)
	at sun.reflect.NativeMethodAccessorImpl.invoke0(Native Method)
	at sun.reflect.NativeMethodAccessorImpl.invoke(NativeMethodAccessorImpl.java:39)
	at sun.reflect.DelegatingMethodAccessorImpl.invoke(DelegatingMethodAccessorImpl.java:25)
	at java.lang.reflect.Method.invoke(Method.java:597)
	at org.apache.maven.surefire.booter.ProviderFactory$ClassLoaderProxy.invoke(ProviderFactory.java:103)
	at $Proxy0.invoke(Unknown Source)
	at org.apache.maven.surefire.booter.SurefireStarter.invokeProvider(SurefireStarter.java:150)
	at org.apache.maven.surefire.booter.SurefireStarter.runSuitesInProcess(SurefireStarter.java:91)
	at org.apache.maven.surefire.booter.ForkedBooter.main(ForkedBooter.java:69)
Caused by: org.springframework.beans.factory.BeanCreationException: Error creating bean with name &apos;transactionManager&apos; defined in file [C:\Projects\RooRelForce120M1\target\classes\META-INF\spring\applicationContext.xml]: Cannot resolve reference to bean &apos;entityManagerFactory&apos; while setting bean property &apos;entityManagerFactory&apos;; nested exception is org.springframework.beans.factory.BeanCreationException: Error creating bean with name &apos;entityManagerFactory&apos; defined in file [C:\Projects\RooRelForce120M1\target\classes\META-INF\spring\applicationContext.xml]: Invocation of init method failed; nested exception is org.datanucleus.exceptions.NucleusException: Failed to get next element
	at org.springframework.beans.factory.support.BeanDefinitionValueResolver.resolveReference(BeanDefinitionValueResolver.java:328)
	at org.springframework.beans.factory.support.BeanDefinitionValueResolver.resolveValueIfNecessary(BeanDefinitionValueResolver.java:106)
	at org.springframework.beans.factory.support.AbstractAutowireCapableBeanFactory.applyPropertyValues(AbstractAutowireCapableBeanFactory.java:1325)
	at org.springframework.beans.factory.support.AbstractAutowireCapableBeanFactory.populateBean(AbstractAutowireCapableBeanFactory.java:1086)
	at org.springframework.beans.factory.support.AbstractAutowireCapableBeanFactory.doCreateBean(AbstractAutowireCapableBeanFactory.java:517)
	at org.springframework.beans.factory.support.AbstractAutowireCapableBeanFactory.createBean(AbstractAutowireCapableBeanFactory.java:456)
	at org.springframework.beans.factory.support.AbstractBeanFactory$1.getObject(AbstractBeanFactory.java:293)
	at org.springframework.beans.factory.support.DefaultSingletonBeanRegistry.getSingleton(DefaultSingletonBeanRegistry.java:222)
	at org.springframework.beans.factory.support.AbstractBeanFactory.doGetBean(AbstractBeanFactory.java:290)
	at org.springframework.beans.factory.support.AbstractBeanFactory.getBean(AbstractBeanFactory.java:192)
	at org.springframework.beans.factory.support.DefaultListableBeanFactory.preInstantiateSingletons(DefaultListableBeanFactory.java:585)
	at org.springframework.context.support.AbstractApplicationContext.finishBeanFactoryInitialization(AbstractApplicationContext.java:895)
	at org.springframework.context.support.AbstractApplicationContext.refresh(AbstractApplicationContext.java:425)
	at org.springframework.test.context.support.AbstractGenericContextLoader.loadContext(AbstractGenericContextLoader.java:84)
	at org.springframework.test.context.support.AbstractGenericContextLoader.loadContext(AbstractGenericContextLoader.java:1)
	at org.springframework.test.context.TestContext.loadApplicationContext(TestContext.java:280)
	at org.springframework.test.context.TestContext.getApplicationContext(TestContext.java:304)
	... 30 more
Caused by: org.springframework.beans.factory.BeanCreationException: Error creating bean with name &apos;entityManagerFactory&apos; defined in file [C:\Projects\RooRelForce120M1\target\classes\META-INF\spring\applicationContext.xml]: Invocation of init method failed; nested exception is org.datanucleus.exceptions.NucleusException: Failed to get next element
	at org.springframework.beans.factory.support.AbstractAutowireCapableBeanFactory.initializeBean(AbstractAutowireCapableBeanFactory.java:1420)
	at org.springframework.beans.factory.support.AbstractAutowireCapableBeanFactory.doCreateBean(AbstractAutowireCapableBeanFactory.java:519)
	at org.springframework.beans.factory.support.AbstractAutowireCapableBeanFactory.createBean(AbstractAutowireCapableBeanFactory.java:456)
	at org.springframework.beans.factory.support.AbstractBeanFactory$1.getObject(AbstractBeanFactory.java:293)
	at org.springframework.beans.factory.support.DefaultSingletonBeanRegistry.getSingleton(DefaultSingletonBeanRegistry.java:222)
	at org.springframework.beans.factory.support.AbstractBeanFactory.doGetBean(AbstractBeanFactory.java:290)
	at org.springframework.beans.factory.support.AbstractBeanFactory.getBean(AbstractBeanFactory.java:192)
	at org.springframework.beans.factory.support.BeanDefinitionValueResolver.resolveReference(BeanDefinitionValueResolver.java:322)
	... 46 more
Caused by: org.datanucleus.exceptions.NucleusException: Failed to get next element
	at com.force.sdk.jpa.schema.ForceStoreSchemaHandler.cacheDescribeSObjects(ForceStoreSchemaHandler.java:153)
	at com.force.sdk.jpa.ForceStoreManager.preInitialiseFileMetaData(ForceStoreManager.java:309)
	at com.force.sdk.jpa.ForceMetaDataManager.initialiseFileMetaDataForUse(ForceMetaDataManager.java:262)
	at org.datanucleus.metadata.MetaDataManager.loadPersistenceUnit(MetaDataManager.java:854)
	at com.force.sdk.jpa.ForceMetaDataManager.loadPersistenceUnit(ForceMetaDataManager.java:113)
	at org.datanucleus.jpa.EntityManagerFactoryImpl.initialisePMF(EntityManagerFactoryImpl.java:598)
	at org.datanucleus.jpa.EntityManagerFactoryImpl.&lt;init&gt;(EntityManagerFactoryImpl.java:282)
	at com.force.sdk.jpa.ForceEntityManagerFactory.&lt;init&gt;(ForceEntityManagerFactory.java:53)
	at com.force.sdk.jpa.PersistenceProviderImpl.createContainerEntityManagerFactory(PersistenceProviderImpl.java:59)
	at org.springframework.orm.jpa.LocalContainerEntityManagerFactoryBean.createNativeEntityManagerFactory(LocalContainerEntityManagerFactoryBean.java:225)
	at org.springframework.orm.jpa.AbstractEntityManagerFactoryBean.afterPropertiesSet(AbstractEntityManagerFactoryBean.java:310)
	at org.springframework.beans.factory.support.AbstractAutowireCapableBeanFactory.invokeInitMethods(AbstractAutowireCapableBeanFactory.java:1477)
	at org.springframework.beans.factory.support.AbstractAutowireCapableBeanFactory.initializeBean(AbstractAutowireCapableBeanFactory.java:1417)
	... 53 more
Caused by: com.sforce.ws.ConnectionException: Failed to get next element
	at com.sforce.ws.parser.XmlInputStream.nextTag(XmlInputStream.java:168)
	at com.sforce.ws.transport.SoapConnection.readSoapEnvelopeStart(SoapConnection.java:249)
	at com.sforce.ws.transport.SoapConnection.bind(SoapConnection.java:163)
	at com.sforce.ws.transport.SoapConnection.receive(SoapConnection.java:147)
	at com.sforce.ws.transport.SoapConnection.send(SoapConnection.java:98)
	at com.sforce.soap.partner.PartnerConnection.login(PartnerConnection.java:1664)
	at com.sforce.soap.partner.PartnerConnection.&lt;init&gt;(PartnerConnection.java:430)
	at com.sforce.soap.partner.Connector.newConnection(Connector.java:27)
	at com.force.sdk.connector.ForceServiceConnector.initConnection(ForceServiceConnector.java:260)
	at com.force.sdk.connector.ForceServiceConnector.initMetadataConnection(ForceServiceConnector.java:416)
	at com.force.sdk.connector.ForceServiceConnector.getNamespace(ForceServiceConnector.java:492)
	at com.force.sdk.jpa.ForceManagedConnection.getNamespace(ForceManagedConnection.java:111)
	at com.force.sdk.jpa.schema.ForceStoreSchemaHandler.cacheDescribeSObjects(ForceStoreSchemaHandler.java:124)
	... 65 more
Caused by: com.sforce.ws.parser.XmlPullParserException: only whitespace content allowed before start tag and not  (position: START_DOCUMENT seen ... @1:1) 
	at com.sforce.ws.parser.MXParser.parseProlog(MXParser.java:1505)
	at com.sforce.ws.parser.MXParser.nextImpl(MXParser.java:1382)
	at com.sforce.ws.parser.MXParser.next(MXParser.java:1085)
	at com.sforce.ws.parser.MXParser.nextTag(MXParser.java:1070)
	at com.sforce.ws.parser.XmlInputStream.nextTag(XmlInputStream.java:166)
	... 77 more
</system-out>
  </testcase>
  <testcase time="0.187" classname="com.serjann.force.domain.MechIntegrationTest" name="testCountMeches">
    <error message="Failed to load ApplicationContext" type="java.lang.IllegalStateException">java.lang.IllegalStateException: Failed to load ApplicationContext
	at org.springframework.test.context.TestContext.getApplicationContext(TestContext.java:308)
	at org.springframework.test.context.support.DependencyInjectionTestExecutionListener.injectDependencies(DependencyInjectionTestExecutionListener.java:109)
	at org.springframework.test.context.support.DependencyInjectionTestExecutionListener.prepareTestInstance(DependencyInjectionTestExecutionListener.java:75)
	at org.springframework.test.context.TestContextManager.prepareTestInstance(TestContextManager.java:321)
	at org.springframework.test.context.junit4.SpringJUnit4ClassRunner.createTest(SpringJUnit4ClassRunner.java:211)
	at org.springframework.test.context.junit4.SpringJUnit4ClassRunner$1.runReflectiveCall(SpringJUnit4ClassRunner.java:287)
	at org.junit.internal.runners.model.ReflectiveCallable.run(ReflectiveCallable.java:15)
	at org.springframework.test.context.junit4.SpringJUnit4ClassRunner.methodBlock(SpringJUnit4ClassRunner.java:289)
	at org.springframework.test.context.junit4.SpringJUnit4ClassRunner.runChild(SpringJUnit4ClassRunner.java:231)
	at org.junit.runners.BlockJUnit4ClassRunner.runChild(BlockJUnit4ClassRunner.java:49)
	at org.junit.runners.ParentRunner$3.run(ParentRunner.java:193)
	at org.junit.runners.ParentRunner$1.schedule(ParentRunner.java:52)
	at org.junit.runners.ParentRunner.runChildren(ParentRunner.java:191)
	at org.junit.runners.ParentRunner.access$000(ParentRunner.java:42)
	at org.junit.runners.ParentRunner$2.evaluate(ParentRunner.java:184)
	at org.springframework.test.context.junit4.statements.RunBeforeTestClassCallbacks.evaluate(RunBeforeTestClassCallbacks.java:61)
	at org.springframework.test.context.junit4.statements.RunAfterTestClassCallbacks.evaluate(RunAfterTestClassCallbacks.java:70)
	at org.junit.runners.ParentRunner.run(ParentRunner.java:236)
	at org.springframework.test.context.junit4.SpringJUnit4ClassRunner.run(SpringJUnit4ClassRunner.java:174)
	at org.apache.maven.surefire.junit4.JUnit4TestSet.execute(JUnit4TestSet.java:53)
	at org.apache.maven.surefire.junit4.JUnit4Provider.executeTestSet(JUnit4Provider.java:119)
	at org.apache.maven.surefire.junit4.JUnit4Provider.invoke(JUnit4Provider.java:101)
	at sun.reflect.NativeMethodAccessorImpl.invoke0(Native Method)
	at sun.reflect.NativeMethodAccessorImpl.invoke(NativeMethodAccessorImpl.java:39)
	at sun.reflect.DelegatingMethodAccessorImpl.invoke(DelegatingMethodAccessorImpl.java:25)
	at java.lang.reflect.Method.invoke(Method.java:597)
	at org.apache.maven.surefire.booter.ProviderFactory$ClassLoaderProxy.invoke(ProviderFactory.java:103)
	at $Proxy0.invoke(Unknown Source)
	at org.apache.maven.surefire.booter.SurefireStarter.invokeProvider(SurefireStarter.java:150)
	at org.apache.maven.surefire.booter.SurefireStarter.runSuitesInProcess(SurefireStarter.java:91)
	at org.apache.maven.surefire.booter.ForkedBooter.main(ForkedBooter.java:69)
Caused by: org.springframework.beans.factory.BeanCreationException: Error creating bean with name &apos;transactionManager&apos; defined in file [C:\Projects\RooRelForce120M1\target\classes\META-INF\spring\applicationContext.xml]: Cannot resolve reference to bean &apos;entityManagerFactory&apos; while setting bean property &apos;entityManagerFactory&apos;; nested exception is org.springframework.beans.factory.BeanCreationException: Error creating bean with name &apos;entityManagerFactory&apos; defined in file [C:\Projects\RooRelForce120M1\target\classes\META-INF\spring\applicationContext.xml]: Invocation of init method failed; nested exception is org.datanucleus.exceptions.NucleusException: Failed to get next element
	at org.springframework.beans.factory.support.BeanDefinitionValueResolver.resolveReference(BeanDefinitionValueResolver.java:328)
	at org.springframework.beans.factory.support.BeanDefinitionValueResolver.resolveValueIfNecessary(BeanDefinitionValueResolver.java:106)
	at org.springframework.beans.factory.support.AbstractAutowireCapableBeanFactory.applyPropertyValues(AbstractAutowireCapableBeanFactory.java:1325)
	at org.springframework.beans.factory.support.AbstractAutowireCapableBeanFactory.populateBean(AbstractAutowireCapableBeanFactory.java:1086)
	at org.springframework.beans.factory.support.AbstractAutowireCapableBeanFactory.doCreateBean(AbstractAutowireCapableBeanFactory.java:517)
	at org.springframework.beans.factory.support.AbstractAutowireCapableBeanFactory.createBean(AbstractAutowireCapableBeanFactory.java:456)
	at org.springframework.beans.factory.support.AbstractBeanFactory$1.getObject(AbstractBeanFactory.java:293)
	at org.springframework.beans.factory.support.DefaultSingletonBeanRegistry.getSingleton(DefaultSingletonBeanRegistry.java:222)
	at org.springframework.beans.factory.support.AbstractBeanFactory.doGetBean(AbstractBeanFactory.java:290)
	at org.springframework.beans.factory.support.AbstractBeanFactory.getBean(AbstractBeanFactory.java:192)
	at org.springframework.beans.factory.support.DefaultListableBeanFactory.preInstantiateSingletons(DefaultListableBeanFactory.java:585)
	at org.springframework.context.support.AbstractApplicationContext.finishBeanFactoryInitialization(AbstractApplicationContext.java:895)
	at org.springframework.context.support.AbstractApplicationContext.refresh(AbstractApplicationContext.java:425)
	at org.springframework.test.context.support.AbstractGenericContextLoader.loadContext(AbstractGenericContextLoader.java:84)
	at org.springframework.test.context.support.AbstractGenericContextLoader.loadContext(AbstractGenericContextLoader.java:1)
	at org.springframework.test.context.TestContext.loadApplicationContext(TestContext.java:280)
	at org.springframework.test.context.TestContext.getApplicationContext(TestContext.java:304)
	... 30 more
Caused by: org.springframework.beans.factory.BeanCreationException: Error creating bean with name &apos;entityManagerFactory&apos; defined in file [C:\Projects\RooRelForce120M1\target\classes\META-INF\spring\applicationContext.xml]: Invocation of init method failed; nested exception is org.datanucleus.exceptions.NucleusException: Failed to get next element
	at org.springframework.beans.factory.support.AbstractAutowireCapableBeanFactory.initializeBean(AbstractAutowireCapableBeanFactory.java:1420)
	at org.springframework.beans.factory.support.AbstractAutowireCapableBeanFactory.doCreateBean(AbstractAutowireCapableBeanFactory.java:519)
	at org.springframework.beans.factory.support.AbstractAutowireCapableBeanFactory.createBean(AbstractAutowireCapableBeanFactory.java:456)
	at org.springframework.beans.factory.support.AbstractBeanFactory$1.getObject(AbstractBeanFactory.java:293)
	at org.springframework.beans.factory.support.DefaultSingletonBeanRegistry.getSingleton(DefaultSingletonBeanRegistry.java:222)
	at org.springframework.beans.factory.support.AbstractBeanFactory.doGetBean(AbstractBeanFactory.java:290)
	at org.springframework.beans.factory.support.AbstractBeanFactory.getBean(AbstractBeanFactory.java:192)
	at org.springframework.beans.factory.support.BeanDefinitionValueResolver.resolveReference(BeanDefinitionValueResolver.java:322)
	... 46 more
Caused by: org.datanucleus.exceptions.NucleusException: Failed to get next element
	at com.force.sdk.jpa.schema.ForceStoreSchemaHandler.cacheDescribeSObjects(ForceStoreSchemaHandler.java:153)
	at com.force.sdk.jpa.ForceStoreManager.preInitialiseFileMetaData(ForceStoreManager.java:309)
	at com.force.sdk.jpa.ForceMetaDataManager.initialiseFileMetaDataForUse(ForceMetaDataManager.java:262)
	at org.datanucleus.metadata.MetaDataManager.loadPersistenceUnit(MetaDataManager.java:854)
	at com.force.sdk.jpa.ForceMetaDataManager.loadPersistenceUnit(ForceMetaDataManager.java:113)
	at org.datanucleus.jpa.EntityManagerFactoryImpl.initialisePMF(EntityManagerFactoryImpl.java:598)
	at org.datanucleus.jpa.EntityManagerFactoryImpl.&lt;init&gt;(EntityManagerFactoryImpl.java:282)
	at com.force.sdk.jpa.ForceEntityManagerFactory.&lt;init&gt;(ForceEntityManagerFactory.java:53)
	at com.force.sdk.jpa.PersistenceProviderImpl.createContainerEntityManagerFactory(PersistenceProviderImpl.java:59)
	at org.springframework.orm.jpa.LocalContainerEntityManagerFactoryBean.createNativeEntityManagerFactory(LocalContainerEntityManagerFactoryBean.java:225)
	at org.springframework.orm.jpa.AbstractEntityManagerFactoryBean.afterPropertiesSet(AbstractEntityManagerFactoryBean.java:310)
	at org.springframework.beans.factory.support.AbstractAutowireCapableBeanFactory.invokeInitMethods(AbstractAutowireCapableBeanFactory.java:1477)
	at org.springframework.beans.factory.support.AbstractAutowireCapableBeanFactory.initializeBean(AbstractAutowireCapableBeanFactory.java:1417)
	... 53 more
Caused by: com.sforce.ws.ConnectionException: Failed to get next element
	at com.sforce.ws.parser.XmlInputStream.nextTag(XmlInputStream.java:168)
	at com.sforce.ws.transport.SoapConnection.readSoapEnvelopeStart(SoapConnection.java:249)
	at com.sforce.ws.transport.SoapConnection.bind(SoapConnection.java:163)
	at com.sforce.ws.transport.SoapConnection.receive(SoapConnection.java:147)
	at com.sforce.ws.transport.SoapConnection.send(SoapConnection.java:98)
	at com.sforce.soap.partner.PartnerConnection.login(PartnerConnection.java:1664)
	at com.sforce.soap.partner.PartnerConnection.&lt;init&gt;(PartnerConnection.java:430)
	at com.sforce.soap.partner.Connector.newConnection(Connector.java:27)
	at com.force.sdk.connector.ForceServiceConnector.initConnection(ForceServiceConnector.java:260)
	at com.force.sdk.connector.ForceServiceConnector.initMetadataConnection(ForceServiceConnector.java:416)
	at com.force.sdk.connector.ForceServiceConnector.getNamespace(ForceServiceConnector.java:492)
	at com.force.sdk.jpa.ForceManagedConnection.getNamespace(ForceManagedConnection.java:111)
	at com.force.sdk.jpa.schema.ForceStoreSchemaHandler.cacheDescribeSObjects(ForceStoreSchemaHandler.java:124)
	... 65 more
Caused by: com.sforce.ws.parser.XmlPullParserException: only whitespace content allowed before start tag and not , (position: START_DOCUMENT seen ,... @1:1) 
	at com.sforce.ws.parser.MXParser.parseProlog(MXParser.java:1505)
	at com.sforce.ws.parser.MXParser.nextImpl(MXParser.java:1382)
	at com.sforce.ws.parser.MXParser.next(MXParser.java:1085)
	at com.sforce.ws.parser.MXParser.nextTag(MXParser.java:1070)
	at com.sforce.ws.parser.XmlInputStream.nextTag(XmlInputStream.java:166)
	... 77 more
</error>
    <system-out>2011-09-23 09:29:46,765 [main] ERROR org.springframework.test.context.TestContextManager - Caught exception while allowing TestExecutionListener [org.springframework.test.context.support.DependencyInjectionTestExecutionListener@ffd135] to prepare test instance [com.serjann.force.domain.MechIntegrationTest@cc7439]
java.lang.IllegalStateException: Failed to load ApplicationContext
	at org.springframework.test.context.TestContext.getApplicationContext(TestContext.java:308)
	at org.springframework.test.context.support.DependencyInjectionTestExecutionListener.injectDependencies(DependencyInjectionTestExecutionListener.java:109)
	at org.springframework.test.context.support.DependencyInjectionTestExecutionListener.prepareTestInstance(DependencyInjectionTestExecutionListener.java:75)
	at org.springframework.test.context.TestContextManager.prepareTestInstance(TestContextManager.java:321)
	at org.springframework.test.context.junit4.SpringJUnit4ClassRunner.createTest(SpringJUnit4ClassRunner.java:211)
	at org.springframework.test.context.junit4.SpringJUnit4ClassRunner$1.runReflectiveCall(SpringJUnit4ClassRunner.java:287)
	at org.junit.internal.runners.model.ReflectiveCallable.run(ReflectiveCallable.java:15)
	at org.springframework.test.context.junit4.SpringJUnit4ClassRunner.methodBlock(SpringJUnit4ClassRunner.java:289)
	at org.springframework.test.context.junit4.SpringJUnit4ClassRunner.runChild(SpringJUnit4ClassRunner.java:231)
	at org.junit.runners.BlockJUnit4ClassRunner.runChild(BlockJUnit4ClassRunner.java:49)
	at org.junit.runners.ParentRunner$3.run(ParentRunner.java:193)
	at org.junit.runners.ParentRunner$1.schedule(ParentRunner.java:52)
	at org.junit.runners.ParentRunner.runChildren(ParentRunner.java:191)
	at org.junit.runners.ParentRunner.access$000(ParentRunner.java:42)
	at org.junit.runners.ParentRunner$2.evaluate(ParentRunner.java:184)
	at org.springframework.test.context.junit4.statements.RunBeforeTestClassCallbacks.evaluate(RunBeforeTestClassCallbacks.java:61)
	at org.springframework.test.context.junit4.statements.RunAfterTestClassCallbacks.evaluate(RunAfterTestClassCallbacks.java:70)
	at org.junit.runners.ParentRunner.run(ParentRunner.java:236)
	at org.springframework.test.context.junit4.SpringJUnit4ClassRunner.run(SpringJUnit4ClassRunner.java:174)
	at org.apache.maven.surefire.junit4.JUnit4TestSet.execute(JUnit4TestSet.java:53)
	at org.apache.maven.surefire.junit4.JUnit4Provider.executeTestSet(JUnit4Provider.java:119)
	at org.apache.maven.surefire.junit4.JUnit4Provider.invoke(JUnit4Provider.java:101)
	at sun.reflect.NativeMethodAccessorImpl.invoke0(Native Method)
	at sun.reflect.NativeMethodAccessorImpl.invoke(NativeMethodAccessorImpl.java:39)
	at sun.reflect.DelegatingMethodAccessorImpl.invoke(DelegatingMethodAccessorImpl.java:25)
	at java.lang.reflect.Method.invoke(Method.java:597)
	at org.apache.maven.surefire.booter.ProviderFactory$ClassLoaderProxy.invoke(ProviderFactory.java:103)
	at $Proxy0.invoke(Unknown Source)
	at org.apache.maven.surefire.booter.SurefireStarter.invokeProvider(SurefireStarter.java:150)
	at org.apache.maven.surefire.booter.SurefireStarter.runSuitesInProcess(SurefireStarter.java:91)
	at org.apache.maven.surefire.booter.ForkedBooter.main(ForkedBooter.java:69)
Caused by: org.springframework.beans.factory.BeanCreationException: Error creating bean with name &apos;transactionManager&apos; defined in file [C:\Projects\RooRelForce120M1\target\classes\META-INF\spring\applicationContext.xml]: Cannot resolve reference to bean &apos;entityManagerFactory&apos; while setting bean property &apos;entityManagerFactory&apos;; nested exception is org.springframework.beans.factory.BeanCreationException: Error creating bean with name &apos;entityManagerFactory&apos; defined in file [C:\Projects\RooRelForce120M1\target\classes\META-INF\spring\applicationContext.xml]: Invocation of init method failed; nested exception is org.datanucleus.exceptions.NucleusException: Failed to get next element
	at org.springframework.beans.factory.support.BeanDefinitionValueResolver.resolveReference(BeanDefinitionValueResolver.java:328)
	at org.springframework.beans.factory.support.BeanDefinitionValueResolver.resolveValueIfNecessary(BeanDefinitionValueResolver.java:106)
	at org.springframework.beans.factory.support.AbstractAutowireCapableBeanFactory.applyPropertyValues(AbstractAutowireCapableBeanFactory.java:1325)
	at org.springframework.beans.factory.support.AbstractAutowireCapableBeanFactory.populateBean(AbstractAutowireCapableBeanFactory.java:1086)
	at org.springframework.beans.factory.support.AbstractAutowireCapableBeanFactory.doCreateBean(AbstractAutowireCapableBeanFactory.java:517)
	at org.springframework.beans.factory.support.AbstractAutowireCapableBeanFactory.createBean(AbstractAutowireCapableBeanFactory.java:456)
	at org.springframework.beans.factory.support.AbstractBeanFactory$1.getObject(AbstractBeanFactory.java:293)
	at org.springframework.beans.factory.support.DefaultSingletonBeanRegistry.getSingleton(DefaultSingletonBeanRegistry.java:222)
	at org.springframework.beans.factory.support.AbstractBeanFactory.doGetBean(AbstractBeanFactory.java:290)
	at org.springframework.beans.factory.support.AbstractBeanFactory.getBean(AbstractBeanFactory.java:192)
	at org.springframework.beans.factory.support.DefaultListableBeanFactory.preInstantiateSingletons(DefaultListableBeanFactory.java:585)
	at org.springframework.context.support.AbstractApplicationContext.finishBeanFactoryInitialization(AbstractApplicationContext.java:895)
	at org.springframework.context.support.AbstractApplicationContext.refresh(AbstractApplicationContext.java:425)
	at org.springframework.test.context.support.AbstractGenericContextLoader.loadContext(AbstractGenericContextLoader.java:84)
	at org.springframework.test.context.support.AbstractGenericContextLoader.loadContext(AbstractGenericContextLoader.java:1)
	at org.springframework.test.context.TestContext.loadApplicationContext(TestContext.java:280)
	at org.springframework.test.context.TestContext.getApplicationContext(TestContext.java:304)
	... 30 more
Caused by: org.springframework.beans.factory.BeanCreationException: Error creating bean with name &apos;entityManagerFactory&apos; defined in file [C:\Projects\RooRelForce120M1\target\classes\META-INF\spring\applicationContext.xml]: Invocation of init method failed; nested exception is org.datanucleus.exceptions.NucleusException: Failed to get next element
	at org.springframework.beans.factory.support.AbstractAutowireCapableBeanFactory.initializeBean(AbstractAutowireCapableBeanFactory.java:1420)
	at org.springframework.beans.factory.support.AbstractAutowireCapableBeanFactory.doCreateBean(AbstractAutowireCapableBeanFactory.java:519)
	at org.springframework.beans.factory.support.AbstractAutowireCapableBeanFactory.createBean(AbstractAutowireCapableBeanFactory.java:456)
	at org.springframework.beans.factory.support.AbstractBeanFactory$1.getObject(AbstractBeanFactory.java:293)
	at org.springframework.beans.factory.support.DefaultSingletonBeanRegistry.getSingleton(DefaultSingletonBeanRegistry.java:222)
	at org.springframework.beans.factory.support.AbstractBeanFactory.doGetBean(AbstractBeanFactory.java:290)
	at org.springframework.beans.factory.support.AbstractBeanFactory.getBean(AbstractBeanFactory.java:192)
	at org.springframework.beans.factory.support.BeanDefinitionValueResolver.resolveReference(BeanDefinitionValueResolver.java:322)
	... 46 more
Caused by: org.datanucleus.exceptions.NucleusException: Failed to get next element
	at com.force.sdk.jpa.schema.ForceStoreSchemaHandler.cacheDescribeSObjects(ForceStoreSchemaHandler.java:153)
	at com.force.sdk.jpa.ForceStoreManager.preInitialiseFileMetaData(ForceStoreManager.java:309)
	at com.force.sdk.jpa.ForceMetaDataManager.initialiseFileMetaDataForUse(ForceMetaDataManager.java:262)
	at org.datanucleus.metadata.MetaDataManager.loadPersistenceUnit(MetaDataManager.java:854)
	at com.force.sdk.jpa.ForceMetaDataManager.loadPersistenceUnit(ForceMetaDataManager.java:113)
	at org.datanucleus.jpa.EntityManagerFactoryImpl.initialisePMF(EntityManagerFactoryImpl.java:598)
	at org.datanucleus.jpa.EntityManagerFactoryImpl.&lt;init&gt;(EntityManagerFactoryImpl.java:282)
	at com.force.sdk.jpa.ForceEntityManagerFactory.&lt;init&gt;(ForceEntityManagerFactory.java:53)
	at com.force.sdk.jpa.PersistenceProviderImpl.createContainerEntityManagerFactory(PersistenceProviderImpl.java:59)
	at org.springframework.orm.jpa.LocalContainerEntityManagerFactoryBean.createNativeEntityManagerFactory(LocalContainerEntityManagerFactoryBean.java:225)
	at org.springframework.orm.jpa.AbstractEntityManagerFactoryBean.afterPropertiesSet(AbstractEntityManagerFactoryBean.java:310)
	at org.springframework.beans.factory.support.AbstractAutowireCapableBeanFactory.invokeInitMethods(AbstractAutowireCapableBeanFactory.java:1477)
	at org.springframework.beans.factory.support.AbstractAutowireCapableBeanFactory.initializeBean(AbstractAutowireCapableBeanFactory.java:1417)
	... 53 more
Caused by: com.sforce.ws.ConnectionException: Failed to get next element
	at com.sforce.ws.parser.XmlInputStream.nextTag(XmlInputStream.java:168)
	at com.sforce.ws.transport.SoapConnection.readSoapEnvelopeStart(SoapConnection.java:249)
	at com.sforce.ws.transport.SoapConnection.bind(SoapConnection.java:163)
	at com.sforce.ws.transport.SoapConnection.receive(SoapConnection.java:147)
	at com.sforce.ws.transport.SoapConnection.send(SoapConnection.java:98)
	at com.sforce.soap.partner.PartnerConnection.login(PartnerConnection.java:1664)
	at com.sforce.soap.partner.PartnerConnection.&lt;init&gt;(PartnerConnection.java:430)
	at com.sforce.soap.partner.Connector.newConnection(Connector.java:27)
	at com.force.sdk.connector.ForceServiceConnector.initConnection(ForceServiceConnector.java:260)
	at com.force.sdk.connector.ForceServiceConnector.initMetadataConnection(ForceServiceConnector.java:416)
	at com.force.sdk.connector.ForceServiceConnector.getNamespace(ForceServiceConnector.java:492)
	at com.force.sdk.jpa.ForceManagedConnection.getNamespace(ForceManagedConnection.java:111)
	at com.force.sdk.jpa.schema.ForceStoreSchemaHandler.cacheDescribeSObjects(ForceStoreSchemaHandler.java:124)
	... 65 more
Caused by: com.sforce.ws.parser.XmlPullParserException: only whitespace content allowed before start tag and not , (position: START_DOCUMENT seen ,... @1:1) 
	at com.sforce.ws.parser.MXParser.parseProlog(MXParser.java:1505)
	at com.sforce.ws.parser.MXParser.nextImpl(MXParser.java:1382)
	at com.sforce.ws.parser.MXParser.next(MXParser.java:1085)
	at com.sforce.ws.parser.MXParser.nextTag(MXParser.java:1070)
	at com.sforce.ws.parser.XmlInputStream.nextTag(XmlInputStream.java:166)
	... 77 more
</system-out>
  </testcase>
  <testcase time="0.156" classname="com.serjann.force.domain.MechIntegrationTest" name="testFindMech">
    <error message="Failed to load ApplicationContext" type="java.lang.IllegalStateException">java.lang.IllegalStateException: Failed to load ApplicationContext
	at org.springframework.test.context.TestContext.getApplicationContext(TestContext.java:308)
	at org.springframework.test.context.support.DependencyInjectionTestExecutionListener.injectDependencies(DependencyInjectionTestExecutionListener.java:109)
	at org.springframework.test.context.support.DependencyInjectionTestExecutionListener.prepareTestInstance(DependencyInjectionTestExecutionListener.java:75)
	at org.springframework.test.context.TestContextManager.prepareTestInstance(TestContextManager.java:321)
	at org.springframework.test.context.junit4.SpringJUnit4ClassRunner.createTest(SpringJUnit4ClassRunner.java:211)
	at org.springframework.test.context.junit4.SpringJUnit4ClassRunner$1.runReflectiveCall(SpringJUnit4ClassRunner.java:287)
	at org.junit.internal.runners.model.ReflectiveCallable.run(ReflectiveCallable.java:15)
	at org.springframework.test.context.junit4.SpringJUnit4ClassRunner.methodBlock(SpringJUnit4ClassRunner.java:289)
	at org.springframework.test.context.junit4.SpringJUnit4ClassRunner.runChild(SpringJUnit4ClassRunner.java:231)
	at org.junit.runners.BlockJUnit4ClassRunner.runChild(BlockJUnit4ClassRunner.java:49)
	at org.junit.runners.ParentRunner$3.run(ParentRunner.java:193)
	at org.junit.runners.ParentRunner$1.schedule(ParentRunner.java:52)
	at org.junit.runners.ParentRunner.runChildren(ParentRunner.java:191)
	at org.junit.runners.ParentRunner.access$000(ParentRunner.java:42)
	at org.junit.runners.ParentRunner$2.evaluate(ParentRunner.java:184)
	at org.springframework.test.context.junit4.statements.RunBeforeTestClassCallbacks.evaluate(RunBeforeTestClassCallbacks.java:61)
	at org.springframework.test.context.junit4.statements.RunAfterTestClassCallbacks.evaluate(RunAfterTestClassCallbacks.java:70)
	at org.junit.runners.ParentRunner.run(ParentRunner.java:236)
	at org.springframework.test.context.junit4.SpringJUnit4ClassRunner.run(SpringJUnit4ClassRunner.java:174)
	at org.apache.maven.surefire.junit4.JUnit4TestSet.execute(JUnit4TestSet.java:53)
	at org.apache.maven.surefire.junit4.JUnit4Provider.executeTestSet(JUnit4Provider.java:119)
	at org.apache.maven.surefire.junit4.JUnit4Provider.invoke(JUnit4Provider.java:101)
	at sun.reflect.NativeMethodAccessorImpl.invoke0(Native Method)
	at sun.reflect.NativeMethodAccessorImpl.invoke(NativeMethodAccessorImpl.java:39)
	at sun.reflect.DelegatingMethodAccessorImpl.invoke(DelegatingMethodAccessorImpl.java:25)
	at java.lang.reflect.Method.invoke(Method.java:597)
	at org.apache.maven.surefire.booter.ProviderFactory$ClassLoaderProxy.invoke(ProviderFactory.java:103)
	at $Proxy0.invoke(Unknown Source)
	at org.apache.maven.surefire.booter.SurefireStarter.invokeProvider(SurefireStarter.java:150)
	at org.apache.maven.surefire.booter.SurefireStarter.runSuitesInProcess(SurefireStarter.java:91)
	at org.apache.maven.surefire.booter.ForkedBooter.main(ForkedBooter.java:69)
Caused by: org.springframework.beans.factory.BeanCreationException: Error creating bean with name &apos;transactionManager&apos; defined in file [C:\Projects\RooRelForce120M1\target\classes\META-INF\spring\applicationContext.xml]: Cannot resolve reference to bean &apos;entityManagerFactory&apos; while setting bean property &apos;entityManagerFactory&apos;; nested exception is org.springframework.beans.factory.BeanCreationException: Error creating bean with name &apos;entityManagerFactory&apos; defined in file [C:\Projects\RooRelForce120M1\target\classes\META-INF\spring\applicationContext.xml]: Invocation of init method failed; nested exception is org.datanucleus.exceptions.NucleusException: Failed to get next element
	at org.springframework.beans.factory.support.BeanDefinitionValueResolver.resolveReference(BeanDefinitionValueResolver.java:328)
	at org.springframework.beans.factory.support.BeanDefinitionValueResolver.resolveValueIfNecessary(BeanDefinitionValueResolver.java:106)
	at org.springframework.beans.factory.support.AbstractAutowireCapableBeanFactory.applyPropertyValues(AbstractAutowireCapableBeanFactory.java:1325)
	at org.springframework.beans.factory.support.AbstractAutowireCapableBeanFactory.populateBean(AbstractAutowireCapableBeanFactory.java:1086)
	at org.springframework.beans.factory.support.AbstractAutowireCapableBeanFactory.doCreateBean(AbstractAutowireCapableBeanFactory.java:517)
	at org.springframework.beans.factory.support.AbstractAutowireCapableBeanFactory.createBean(AbstractAutowireCapableBeanFactory.java:456)
	at org.springframework.beans.factory.support.AbstractBeanFactory$1.getObject(AbstractBeanFactory.java:293)
	at org.springframework.beans.factory.support.DefaultSingletonBeanRegistry.getSingleton(DefaultSingletonBeanRegistry.java:222)
	at org.springframework.beans.factory.support.AbstractBeanFactory.doGetBean(AbstractBeanFactory.java:290)
	at org.springframework.beans.factory.support.AbstractBeanFactory.getBean(AbstractBeanFactory.java:192)
	at org.springframework.beans.factory.support.DefaultListableBeanFactory.preInstantiateSingletons(DefaultListableBeanFactory.java:585)
	at org.springframework.context.support.AbstractApplicationContext.finishBeanFactoryInitialization(AbstractApplicationContext.java:895)
	at org.springframework.context.support.AbstractApplicationContext.refresh(AbstractApplicationContext.java:425)
	at org.springframework.test.context.support.AbstractGenericContextLoader.loadContext(AbstractGenericContextLoader.java:84)
	at org.springframework.test.context.support.AbstractGenericContextLoader.loadContext(AbstractGenericContextLoader.java:1)
	at org.springframework.test.context.TestContext.loadApplicationContext(TestContext.java:280)
	at org.springframework.test.context.TestContext.getApplicationContext(TestContext.java:304)
	... 30 more
Caused by: org.springframework.beans.factory.BeanCreationException: Error creating bean with name &apos;entityManagerFactory&apos; defined in file [C:\Projects\RooRelForce120M1\target\classes\META-INF\spring\applicationContext.xml]: Invocation of init method failed; nested exception is org.datanucleus.exceptions.NucleusException: Failed to get next element
	at org.springframework.beans.factory.support.AbstractAutowireCapableBeanFactory.initializeBean(AbstractAutowireCapableBeanFactory.java:1420)
	at org.springframework.beans.factory.support.AbstractAutowireCapableBeanFactory.doCreateBean(AbstractAutowireCapableBeanFactory.java:519)
	at org.springframework.beans.factory.support.AbstractAutowireCapableBeanFactory.createBean(AbstractAutowireCapableBeanFactory.java:456)
	at org.springframework.beans.factory.support.AbstractBeanFactory$1.getObject(AbstractBeanFactory.java:293)
	at org.springframework.beans.factory.support.DefaultSingletonBeanRegistry.getSingleton(DefaultSingletonBeanRegistry.java:222)
	at org.springframework.beans.factory.support.AbstractBeanFactory.doGetBean(AbstractBeanFactory.java:290)
	at org.springframework.beans.factory.support.AbstractBeanFactory.getBean(AbstractBeanFactory.java:192)
	at org.springframework.beans.factory.support.BeanDefinitionValueResolver.resolveReference(BeanDefinitionValueResolver.java:322)
	... 46 more
Caused by: org.datanucleus.exceptions.NucleusException: Failed to get next element
	at com.force.sdk.jpa.schema.ForceStoreSchemaHandler.cacheDescribeSObjects(ForceStoreSchemaHandler.java:153)
	at com.force.sdk.jpa.ForceStoreManager.preInitialiseFileMetaData(ForceStoreManager.java:309)
	at com.force.sdk.jpa.ForceMetaDataManager.initialiseFileMetaDataForUse(ForceMetaDataManager.java:262)
	at org.datanucleus.metadata.MetaDataManager.loadPersistenceUnit(MetaDataManager.java:854)
	at com.force.sdk.jpa.ForceMetaDataManager.loadPersistenceUnit(ForceMetaDataManager.java:113)
	at org.datanucleus.jpa.EntityManagerFactoryImpl.initialisePMF(EntityManagerFactoryImpl.java:598)
	at org.datanucleus.jpa.EntityManagerFactoryImpl.&lt;init&gt;(EntityManagerFactoryImpl.java:282)
	at com.force.sdk.jpa.ForceEntityManagerFactory.&lt;init&gt;(ForceEntityManagerFactory.java:53)
	at com.force.sdk.jpa.PersistenceProviderImpl.createContainerEntityManagerFactory(PersistenceProviderImpl.java:59)
	at org.springframework.orm.jpa.LocalContainerEntityManagerFactoryBean.createNativeEntityManagerFactory(LocalContainerEntityManagerFactoryBean.java:225)
	at org.springframework.orm.jpa.AbstractEntityManagerFactoryBean.afterPropertiesSet(AbstractEntityManagerFactoryBean.java:310)
	at org.springframework.beans.factory.support.AbstractAutowireCapableBeanFactory.invokeInitMethods(AbstractAutowireCapableBeanFactory.java:1477)
	at org.springframework.beans.factory.support.AbstractAutowireCapableBeanFactory.initializeBean(AbstractAutowireCapableBeanFactory.java:1417)
	... 53 more
Caused by: com.sforce.ws.ConnectionException: Failed to get next element
	at com.sforce.ws.parser.XmlInputStream.nextTag(XmlInputStream.java:168)
	at com.sforce.ws.transport.SoapConnection.readSoapEnvelopeStart(SoapConnection.java:249)
	at com.sforce.ws.transport.SoapConnection.bind(SoapConnection.java:163)
	at com.sforce.ws.transport.SoapConnection.receive(SoapConnection.java:147)
	at com.sforce.ws.transport.SoapConnection.send(SoapConnection.java:98)
	at com.sforce.soap.partner.PartnerConnection.login(PartnerConnection.java:1664)
	at com.sforce.soap.partner.PartnerConnection.&lt;init&gt;(PartnerConnection.java:430)
	at com.sforce.soap.partner.Connector.newConnection(Connector.java:27)
	at com.force.sdk.connector.ForceServiceConnector.initConnection(ForceServiceConnector.java:260)
	at com.force.sdk.connector.ForceServiceConnector.initMetadataConnection(ForceServiceConnector.java:416)
	at com.force.sdk.connector.ForceServiceConnector.getNamespace(ForceServiceConnector.java:492)
	at com.force.sdk.jpa.ForceManagedConnection.getNamespace(ForceManagedConnection.java:111)
	at com.force.sdk.jpa.schema.ForceStoreSchemaHandler.cacheDescribeSObjects(ForceStoreSchemaHandler.java:124)
	... 65 more
Caused by: com.sforce.ws.parser.XmlPullParserException: only whitespace content allowed before start tag and not \ufffd (position: START_DOCUMENT seen \ufffd... @1:1) 
	at com.sforce.ws.parser.MXParser.parseProlog(MXParser.java:1505)
	at com.sforce.ws.parser.MXParser.nextImpl(MXParser.java:1382)
	at com.sforce.ws.parser.MXParser.next(MXParser.java:1085)
	at com.sforce.ws.parser.MXParser.nextTag(MXParser.java:1070)
	at com.sforce.ws.parser.XmlInputStream.nextTag(XmlInputStream.java:166)
	... 77 more
</error>
    <system-out>2011-09-23 09:29:46,921 [main] ERROR org.springframework.test.context.TestContextManager - Caught exception while allowing TestExecutionListener [org.springframework.test.context.support.DependencyInjectionTestExecutionListener@ffd135] to prepare test instance [com.serjann.force.domain.MechIntegrationTest@143a083]
java.lang.IllegalStateException: Failed to load ApplicationContext
	at org.springframework.test.context.TestContext.getApplicationContext(TestContext.java:308)
	at org.springframework.test.context.support.DependencyInjectionTestExecutionListener.injectDependencies(DependencyInjectionTestExecutionListener.java:109)
	at org.springframework.test.context.support.DependencyInjectionTestExecutionListener.prepareTestInstance(DependencyInjectionTestExecutionListener.java:75)
	at org.springframework.test.context.TestContextManager.prepareTestInstance(TestContextManager.java:321)
	at org.springframework.test.context.junit4.SpringJUnit4ClassRunner.createTest(SpringJUnit4ClassRunner.java:211)
	at org.springframework.test.context.junit4.SpringJUnit4ClassRunner$1.runReflectiveCall(SpringJUnit4ClassRunner.java:287)
	at org.junit.internal.runners.model.ReflectiveCallable.run(ReflectiveCallable.java:15)
	at org.springframework.test.context.junit4.SpringJUnit4ClassRunner.methodBlock(SpringJUnit4ClassRunner.java:289)
	at org.springframework.test.context.junit4.SpringJUnit4ClassRunner.runChild(SpringJUnit4ClassRunner.java:231)
	at org.junit.runners.BlockJUnit4ClassRunner.runChild(BlockJUnit4ClassRunner.java:49)
	at org.junit.runners.ParentRunner$3.run(ParentRunner.java:193)
	at org.junit.runners.ParentRunner$1.schedule(ParentRunner.java:52)
	at org.junit.runners.ParentRunner.runChildren(ParentRunner.java:191)
	at org.junit.runners.ParentRunner.access$000(ParentRunner.java:42)
	at org.junit.runners.ParentRunner$2.evaluate(ParentRunner.java:184)
	at org.springframework.test.context.junit4.statements.RunBeforeTestClassCallbacks.evaluate(RunBeforeTestClassCallbacks.java:61)
	at org.springframework.test.context.junit4.statements.RunAfterTestClassCallbacks.evaluate(RunAfterTestClassCallbacks.java:70)
	at org.junit.runners.ParentRunner.run(ParentRunner.java:236)
	at org.springframework.test.context.junit4.SpringJUnit4ClassRunner.run(SpringJUnit4ClassRunner.java:174)
	at org.apache.maven.surefire.junit4.JUnit4TestSet.execute(JUnit4TestSet.java:53)
	at org.apache.maven.surefire.junit4.JUnit4Provider.executeTestSet(JUnit4Provider.java:119)
	at org.apache.maven.surefire.junit4.JUnit4Provider.invoke(JUnit4Provider.java:101)
	at sun.reflect.NativeMethodAccessorImpl.invoke0(Native Method)
	at sun.reflect.NativeMethodAccessorImpl.invoke(NativeMethodAccessorImpl.java:39)
	at sun.reflect.DelegatingMethodAccessorImpl.invoke(DelegatingMethodAccessorImpl.java:25)
	at java.lang.reflect.Method.invoke(Method.java:597)
	at org.apache.maven.surefire.booter.ProviderFactory$ClassLoaderProxy.invoke(ProviderFactory.java:103)
	at $Proxy0.invoke(Unknown Source)
	at org.apache.maven.surefire.booter.SurefireStarter.invokeProvider(SurefireStarter.java:150)
	at org.apache.maven.surefire.booter.SurefireStarter.runSuitesInProcess(SurefireStarter.java:91)
	at org.apache.maven.surefire.booter.ForkedBooter.main(ForkedBooter.java:69)
Caused by: org.springframework.beans.factory.BeanCreationException: Error creating bean with name &apos;transactionManager&apos; defined in file [C:\Projects\RooRelForce120M1\target\classes\META-INF\spring\applicationContext.xml]: Cannot resolve reference to bean &apos;entityManagerFactory&apos; while setting bean property &apos;entityManagerFactory&apos;; nested exception is org.springframework.beans.factory.BeanCreationException: Error creating bean with name &apos;entityManagerFactory&apos; defined in file [C:\Projects\RooRelForce120M1\target\classes\META-INF\spring\applicationContext.xml]: Invocation of init method failed; nested exception is org.datanucleus.exceptions.NucleusException: Failed to get next element
	at org.springframework.beans.factory.support.BeanDefinitionValueResolver.resolveReference(BeanDefinitionValueResolver.java:328)
	at org.springframework.beans.factory.support.BeanDefinitionValueResolver.resolveValueIfNecessary(BeanDefinitionValueResolver.java:106)
	at org.springframework.beans.factory.support.AbstractAutowireCapableBeanFactory.applyPropertyValues(AbstractAutowireCapableBeanFactory.java:1325)
	at org.springframework.beans.factory.support.AbstractAutowireCapableBeanFactory.populateBean(AbstractAutowireCapableBeanFactory.java:1086)
	at org.springframework.beans.factory.support.AbstractAutowireCapableBeanFactory.doCreateBean(AbstractAutowireCapableBeanFactory.java:517)
	at org.springframework.beans.factory.support.AbstractAutowireCapableBeanFactory.createBean(AbstractAutowireCapableBeanFactory.java:456)
	at org.springframework.beans.factory.support.AbstractBeanFactory$1.getObject(AbstractBeanFactory.java:293)
	at org.springframework.beans.factory.support.DefaultSingletonBeanRegistry.getSingleton(DefaultSingletonBeanRegistry.java:222)
	at org.springframework.beans.factory.support.AbstractBeanFactory.doGetBean(AbstractBeanFactory.java:290)
	at org.springframework.beans.factory.support.AbstractBeanFactory.getBean(AbstractBeanFactory.java:192)
	at org.springframework.beans.factory.support.DefaultListableBeanFactory.preInstantiateSingletons(DefaultListableBeanFactory.java:585)
	at org.springframework.context.support.AbstractApplicationContext.finishBeanFactoryInitialization(AbstractApplicationContext.java:895)
	at org.springframework.context.support.AbstractApplicationContext.refresh(AbstractApplicationContext.java:425)
	at org.springframework.test.context.support.AbstractGenericContextLoader.loadContext(AbstractGenericContextLoader.java:84)
	at org.springframework.test.context.support.AbstractGenericContextLoader.loadContext(AbstractGenericContextLoader.java:1)
	at org.springframework.test.context.TestContext.loadApplicationContext(TestContext.java:280)
	at org.springframework.test.context.TestContext.getApplicationContext(TestContext.java:304)
	... 30 more
Caused by: org.springframework.beans.factory.BeanCreationException: Error creating bean with name &apos;entityManagerFactory&apos; defined in file [C:\Projects\RooRelForce120M1\target\classes\META-INF\spring\applicationContext.xml]: Invocation of init method failed; nested exception is org.datanucleus.exceptions.NucleusException: Failed to get next element
	at org.springframework.beans.factory.support.AbstractAutowireCapableBeanFactory.initializeBean(AbstractAutowireCapableBeanFactory.java:1420)
	at org.springframework.beans.factory.support.AbstractAutowireCapableBeanFactory.doCreateBean(AbstractAutowireCapableBeanFactory.java:519)
	at org.springframework.beans.factory.support.AbstractAutowireCapableBeanFactory.createBean(AbstractAutowireCapableBeanFactory.java:456)
	at org.springframework.beans.factory.support.AbstractBeanFactory$1.getObject(AbstractBeanFactory.java:293)
	at org.springframework.beans.factory.support.DefaultSingletonBeanRegistry.getSingleton(DefaultSingletonBeanRegistry.java:222)
	at org.springframework.beans.factory.support.AbstractBeanFactory.doGetBean(AbstractBeanFactory.java:290)
	at org.springframework.beans.factory.support.AbstractBeanFactory.getBean(AbstractBeanFactory.java:192)
	at org.springframework.beans.factory.support.BeanDefinitionValueResolver.resolveReference(BeanDefinitionValueResolver.java:322)
	... 46 more
Caused by: org.datanucleus.exceptions.NucleusException: Failed to get next element
	at com.force.sdk.jpa.schema.ForceStoreSchemaHandler.cacheDescribeSObjects(ForceStoreSchemaHandler.java:153)
	at com.force.sdk.jpa.ForceStoreManager.preInitialiseFileMetaData(ForceStoreManager.java:309)
	at com.force.sdk.jpa.ForceMetaDataManager.initialiseFileMetaDataForUse(ForceMetaDataManager.java:262)
	at org.datanucleus.metadata.MetaDataManager.loadPersistenceUnit(MetaDataManager.java:854)
	at com.force.sdk.jpa.ForceMetaDataManager.loadPersistenceUnit(ForceMetaDataManager.java:113)
	at org.datanucleus.jpa.EntityManagerFactoryImpl.initialisePMF(EntityManagerFactoryImpl.java:598)
	at org.datanucleus.jpa.EntityManagerFactoryImpl.&lt;init&gt;(EntityManagerFactoryImpl.java:282)
	at com.force.sdk.jpa.ForceEntityManagerFactory.&lt;init&gt;(ForceEntityManagerFactory.java:53)
	at com.force.sdk.jpa.PersistenceProviderImpl.createContainerEntityManagerFactory(PersistenceProviderImpl.java:59)
	at org.springframework.orm.jpa.LocalContainerEntityManagerFactoryBean.createNativeEntityManagerFactory(LocalContainerEntityManagerFactoryBean.java:225)
	at org.springframework.orm.jpa.AbstractEntityManagerFactoryBean.afterPropertiesSet(AbstractEntityManagerFactoryBean.java:310)
	at org.springframework.beans.factory.support.AbstractAutowireCapableBeanFactory.invokeInitMethods(AbstractAutowireCapableBeanFactory.java:1477)
	at org.springframework.beans.factory.support.AbstractAutowireCapableBeanFactory.initializeBean(AbstractAutowireCapableBeanFactory.java:1417)
	... 53 more
Caused by: com.sforce.ws.ConnectionException: Failed to get next element
	at com.sforce.ws.parser.XmlInputStream.nextTag(XmlInputStream.java:168)
	at com.sforce.ws.transport.SoapConnection.readSoapEnvelopeStart(SoapConnection.java:249)
	at com.sforce.ws.transport.SoapConnection.bind(SoapConnection.java:163)
	at com.sforce.ws.transport.SoapConnection.receive(SoapConnection.java:147)
	at com.sforce.ws.transport.SoapConnection.send(SoapConnection.java:98)
	at com.sforce.soap.partner.PartnerConnection.login(PartnerConnection.java:1664)
	at com.sforce.soap.partner.PartnerConnection.&lt;init&gt;(PartnerConnection.java:430)
	at com.sforce.soap.partner.Connector.newConnection(Connector.java:27)
	at com.force.sdk.connector.ForceServiceConnector.initConnection(ForceServiceConnector.java:260)
	at com.force.sdk.connector.ForceServiceConnector.initMetadataConnection(ForceServiceConnector.java:416)
	at com.force.sdk.connector.ForceServiceConnector.getNamespace(ForceServiceConnector.java:492)
	at com.force.sdk.jpa.ForceManagedConnection.getNamespace(ForceManagedConnection.java:111)
	at com.force.sdk.jpa.schema.ForceStoreSchemaHandler.cacheDescribeSObjects(ForceStoreSchemaHandler.java:124)
	... 65 more
Caused by: com.sforce.ws.parser.XmlPullParserException: only whitespace content allowed before start tag and not \ufffd (position: START_DOCUMENT seen \ufffd... @1:1) 
	at com.sforce.ws.parser.MXParser.parseProlog(MXParser.java:1505)
	at com.sforce.ws.parser.MXParser.nextImpl(MXParser.java:1382)
	at com.sforce.ws.parser.MXParser.next(MXParser.java:1085)
	at com.sforce.ws.parser.MXParser.nextTag(MXParser.java:1070)
	at com.sforce.ws.parser.XmlInputStream.nextTag(XmlInputStream.java:166)
	... 77 more
</system-out>
  </testcase>
  <testcase time="0.157" classname="com.serjann.force.domain.MechIntegrationTest" name="testFindAllMeches">
    <error message="Failed to load ApplicationContext" type="java.lang.IllegalStateException">java.lang.IllegalStateException: Failed to load ApplicationContext
	at org.springframework.test.context.TestContext.getApplicationContext(TestContext.java:308)
	at org.springframework.test.context.support.DependencyInjectionTestExecutionListener.injectDependencies(DependencyInjectionTestExecutionListener.java:109)
	at org.springframework.test.context.support.DependencyInjectionTestExecutionListener.prepareTestInstance(DependencyInjectionTestExecutionListener.java:75)
	at org.springframework.test.context.TestContextManager.prepareTestInstance(TestContextManager.java:321)
	at org.springframework.test.context.junit4.SpringJUnit4ClassRunner.createTest(SpringJUnit4ClassRunner.java:211)
	at org.springframework.test.context.junit4.SpringJUnit4ClassRunner$1.runReflectiveCall(SpringJUnit4ClassRunner.java:287)
	at org.junit.internal.runners.model.ReflectiveCallable.run(ReflectiveCallable.java:15)
	at org.springframework.test.context.junit4.SpringJUnit4ClassRunner.methodBlock(SpringJUnit4ClassRunner.java:289)
	at org.springframework.test.context.junit4.SpringJUnit4ClassRunner.runChild(SpringJUnit4ClassRunner.java:231)
	at org.junit.runners.BlockJUnit4ClassRunner.runChild(BlockJUnit4ClassRunner.java:49)
	at org.junit.runners.ParentRunner$3.run(ParentRunner.java:193)
	at org.junit.runners.ParentRunner$1.schedule(ParentRunner.java:52)
	at org.junit.runners.ParentRunner.runChildren(ParentRunner.java:191)
	at org.junit.runners.ParentRunner.access$000(ParentRunner.java:42)
	at org.junit.runners.ParentRunner$2.evaluate(ParentRunner.java:184)
	at org.springframework.test.context.junit4.statements.RunBeforeTestClassCallbacks.evaluate(RunBeforeTestClassCallbacks.java:61)
	at org.springframework.test.context.junit4.statements.RunAfterTestClassCallbacks.evaluate(RunAfterTestClassCallbacks.java:70)
	at org.junit.runners.ParentRunner.run(ParentRunner.java:236)
	at org.springframework.test.context.junit4.SpringJUnit4ClassRunner.run(SpringJUnit4ClassRunner.java:174)
	at org.apache.maven.surefire.junit4.JUnit4TestSet.execute(JUnit4TestSet.java:53)
	at org.apache.maven.surefire.junit4.JUnit4Provider.executeTestSet(JUnit4Provider.java:119)
	at org.apache.maven.surefire.junit4.JUnit4Provider.invoke(JUnit4Provider.java:101)
	at sun.reflect.NativeMethodAccessorImpl.invoke0(Native Method)
	at sun.reflect.NativeMethodAccessorImpl.invoke(NativeMethodAccessorImpl.java:39)
	at sun.reflect.DelegatingMethodAccessorImpl.invoke(DelegatingMethodAccessorImpl.java:25)
	at java.lang.reflect.Method.invoke(Method.java:597)
	at org.apache.maven.surefire.booter.ProviderFactory$ClassLoaderProxy.invoke(ProviderFactory.java:103)
	at $Proxy0.invoke(Unknown Source)
	at org.apache.maven.surefire.booter.SurefireStarter.invokeProvider(SurefireStarter.java:150)
	at org.apache.maven.surefire.booter.SurefireStarter.runSuitesInProcess(SurefireStarter.java:91)
	at org.apache.maven.surefire.booter.ForkedBooter.main(ForkedBooter.java:69)
Caused by: org.springframework.beans.factory.BeanCreationException: Error creating bean with name &apos;transactionManager&apos; defined in file [C:\Projects\RooRelForce120M1\target\classes\META-INF\spring\applicationContext.xml]: Cannot resolve reference to bean &apos;entityManagerFactory&apos; while setting bean property &apos;entityManagerFactory&apos;; nested exception is org.springframework.beans.factory.BeanCreationException: Error creating bean with name &apos;entityManagerFactory&apos; defined in file [C:\Projects\RooRelForce120M1\target\classes\META-INF\spring\applicationContext.xml]: Invocation of init method failed; nested exception is org.datanucleus.exceptions.NucleusException: Failed to get next element
	at org.springframework.beans.factory.support.BeanDefinitionValueResolver.resolveReference(BeanDefinitionValueResolver.java:328)
	at org.springframework.beans.factory.support.BeanDefinitionValueResolver.resolveValueIfNecessary(BeanDefinitionValueResolver.java:106)
	at org.springframework.beans.factory.support.AbstractAutowireCapableBeanFactory.applyPropertyValues(AbstractAutowireCapableBeanFactory.java:1325)
	at org.springframework.beans.factory.support.AbstractAutowireCapableBeanFactory.populateBean(AbstractAutowireCapableBeanFactory.java:1086)
	at org.springframework.beans.factory.support.AbstractAutowireCapableBeanFactory.doCreateBean(AbstractAutowireCapableBeanFactory.java:517)
	at org.springframework.beans.factory.support.AbstractAutowireCapableBeanFactory.createBean(AbstractAutowireCapableBeanFactory.java:456)
	at org.springframework.beans.factory.support.AbstractBeanFactory$1.getObject(AbstractBeanFactory.java:293)
	at org.springframework.beans.factory.support.DefaultSingletonBeanRegistry.getSingleton(DefaultSingletonBeanRegistry.java:222)
	at org.springframework.beans.factory.support.AbstractBeanFactory.doGetBean(AbstractBeanFactory.java:290)
	at org.springframework.beans.factory.support.AbstractBeanFactory.getBean(AbstractBeanFactory.java:192)
	at org.springframework.beans.factory.support.DefaultListableBeanFactory.preInstantiateSingletons(DefaultListableBeanFactory.java:585)
	at org.springframework.context.support.AbstractApplicationContext.finishBeanFactoryInitialization(AbstractApplicationContext.java:895)
	at org.springframework.context.support.AbstractApplicationContext.refresh(AbstractApplicationContext.java:425)
	at org.springframework.test.context.support.AbstractGenericContextLoader.loadContext(AbstractGenericContextLoader.java:84)
	at org.springframework.test.context.support.AbstractGenericContextLoader.loadContext(AbstractGenericContextLoader.java:1)
	at org.springframework.test.context.TestContext.loadApplicationContext(TestContext.java:280)
	at org.springframework.test.context.TestContext.getApplicationContext(TestContext.java:304)
	... 30 more
Caused by: org.springframework.beans.factory.BeanCreationException: Error creating bean with name &apos;entityManagerFactory&apos; defined in file [C:\Projects\RooRelForce120M1\target\classes\META-INF\spring\applicationContext.xml]: Invocation of init method failed; nested exception is org.datanucleus.exceptions.NucleusException: Failed to get next element
	at org.springframework.beans.factory.support.AbstractAutowireCapableBeanFactory.initializeBean(AbstractAutowireCapableBeanFactory.java:1420)
	at org.springframework.beans.factory.support.AbstractAutowireCapableBeanFactory.doCreateBean(AbstractAutowireCapableBeanFactory.java:519)
	at org.springframework.beans.factory.support.AbstractAutowireCapableBeanFactory.createBean(AbstractAutowireCapableBeanFactory.java:456)
	at org.springframework.beans.factory.support.AbstractBeanFactory$1.getObject(AbstractBeanFactory.java:293)
	at org.springframework.beans.factory.support.DefaultSingletonBeanRegistry.getSingleton(DefaultSingletonBeanRegistry.java:222)
	at org.springframework.beans.factory.support.AbstractBeanFactory.doGetBean(AbstractBeanFactory.java:290)
	at org.springframework.beans.factory.support.AbstractBeanFactory.getBean(AbstractBeanFactory.java:192)
	at org.springframework.beans.factory.support.BeanDefinitionValueResolver.resolveReference(BeanDefinitionValueResolver.java:322)
	... 46 more
Caused by: org.datanucleus.exceptions.NucleusException: Failed to get next element
	at com.force.sdk.jpa.schema.ForceStoreSchemaHandler.cacheDescribeSObjects(ForceStoreSchemaHandler.java:153)
	at com.force.sdk.jpa.ForceStoreManager.preInitialiseFileMetaData(ForceStoreManager.java:309)
	at com.force.sdk.jpa.ForceMetaDataManager.initialiseFileMetaDataForUse(ForceMetaDataManager.java:262)
	at org.datanucleus.metadata.MetaDataManager.loadPersistenceUnit(MetaDataManager.java:854)
	at com.force.sdk.jpa.ForceMetaDataManager.loadPersistenceUnit(ForceMetaDataManager.java:113)
	at org.datanucleus.jpa.EntityManagerFactoryImpl.initialisePMF(EntityManagerFactoryImpl.java:598)
	at org.datanucleus.jpa.EntityManagerFactoryImpl.&lt;init&gt;(EntityManagerFactoryImpl.java:282)
	at com.force.sdk.jpa.ForceEntityManagerFactory.&lt;init&gt;(ForceEntityManagerFactory.java:53)
	at com.force.sdk.jpa.PersistenceProviderImpl.createContainerEntityManagerFactory(PersistenceProviderImpl.java:59)
	at org.springframework.orm.jpa.LocalContainerEntityManagerFactoryBean.createNativeEntityManagerFactory(LocalContainerEntityManagerFactoryBean.java:225)
	at org.springframework.orm.jpa.AbstractEntityManagerFactoryBean.afterPropertiesSet(AbstractEntityManagerFactoryBean.java:310)
	at org.springframework.beans.factory.support.AbstractAutowireCapableBeanFactory.invokeInitMethods(AbstractAutowireCapableBeanFactory.java:1477)
	at org.springframework.beans.factory.support.AbstractAutowireCapableBeanFactory.initializeBean(AbstractAutowireCapableBeanFactory.java:1417)
	... 53 more
Caused by: com.sforce.ws.ConnectionException: Failed to get next element
	at com.sforce.ws.parser.XmlInputStream.nextTag(XmlInputStream.java:168)
	at com.sforce.ws.transport.SoapConnection.readSoapEnvelopeStart(SoapConnection.java:249)
	at com.sforce.ws.transport.SoapConnection.bind(SoapConnection.java:163)
	at com.sforce.ws.transport.SoapConnection.receive(SoapConnection.java:147)
	at com.sforce.ws.transport.SoapConnection.send(SoapConnection.java:98)
	at com.sforce.soap.partner.PartnerConnection.login(PartnerConnection.java:1664)
	at com.sforce.soap.partner.PartnerConnection.&lt;init&gt;(PartnerConnection.java:430)
	at com.sforce.soap.partner.Connector.newConnection(Connector.java:27)
	at com.force.sdk.connector.ForceServiceConnector.initConnection(ForceServiceConnector.java:260)
	at com.force.sdk.connector.ForceServiceConnector.initMetadataConnection(ForceServiceConnector.java:416)
	at com.force.sdk.connector.ForceServiceConnector.getNamespace(ForceServiceConnector.java:492)
	at com.force.sdk.jpa.ForceManagedConnection.getNamespace(ForceManagedConnection.java:111)
	at com.force.sdk.jpa.schema.ForceStoreSchemaHandler.cacheDescribeSObjects(ForceStoreSchemaHandler.java:124)
	... 65 more
Caused by: com.sforce.ws.parser.XmlPullParserException: only whitespace content allowed before start tag and not \ufffd (position: START_DOCUMENT seen \ufffd... @1:1) 
	at com.sforce.ws.parser.MXParser.parseProlog(MXParser.java:1505)
	at com.sforce.ws.parser.MXParser.nextImpl(MXParser.java:1382)
	at com.sforce.ws.parser.MXParser.next(MXParser.java:1085)
	at com.sforce.ws.parser.MXParser.nextTag(MXParser.java:1070)
	at com.sforce.ws.parser.XmlInputStream.nextTag(XmlInputStream.java:166)
	... 77 more
</error>
    <system-out>2011-09-23 09:29:47,078 [main] ERROR org.springframework.test.context.TestContextManager - Caught exception while allowing TestExecutionListener [org.springframework.test.context.support.DependencyInjectionTestExecutionListener@ffd135] to prepare test instance [com.serjann.force.domain.MechIntegrationTest@1b83048]
java.lang.IllegalStateException: Failed to load ApplicationContext
	at org.springframework.test.context.TestContext.getApplicationContext(TestContext.java:308)
	at org.springframework.test.context.support.DependencyInjectionTestExecutionListener.injectDependencies(DependencyInjectionTestExecutionListener.java:109)
	at org.springframework.test.context.support.DependencyInjectionTestExecutionListener.prepareTestInstance(DependencyInjectionTestExecutionListener.java:75)
	at org.springframework.test.context.TestContextManager.prepareTestInstance(TestContextManager.java:321)
	at org.springframework.test.context.junit4.SpringJUnit4ClassRunner.createTest(SpringJUnit4ClassRunner.java:211)
	at org.springframework.test.context.junit4.SpringJUnit4ClassRunner$1.runReflectiveCall(SpringJUnit4ClassRunner.java:287)
	at org.junit.internal.runners.model.ReflectiveCallable.run(ReflectiveCallable.java:15)
	at org.springframework.test.context.junit4.SpringJUnit4ClassRunner.methodBlock(SpringJUnit4ClassRunner.java:289)
	at org.springframework.test.context.junit4.SpringJUnit4ClassRunner.runChild(SpringJUnit4ClassRunner.java:231)
	at org.junit.runners.BlockJUnit4ClassRunner.runChild(BlockJUnit4ClassRunner.java:49)
	at org.junit.runners.ParentRunner$3.run(ParentRunner.java:193)
	at org.junit.runners.ParentRunner$1.schedule(ParentRunner.java:52)
	at org.junit.runners.ParentRunner.runChildren(ParentRunner.java:191)
	at org.junit.runners.ParentRunner.access$000(ParentRunner.java:42)
	at org.junit.runners.ParentRunner$2.evaluate(ParentRunner.java:184)
	at org.springframework.test.context.junit4.statements.RunBeforeTestClassCallbacks.evaluate(RunBeforeTestClassCallbacks.java:61)
	at org.springframework.test.context.junit4.statements.RunAfterTestClassCallbacks.evaluate(RunAfterTestClassCallbacks.java:70)
	at org.junit.runners.ParentRunner.run(ParentRunner.java:236)
	at org.springframework.test.context.junit4.SpringJUnit4ClassRunner.run(SpringJUnit4ClassRunner.java:174)
	at org.apache.maven.surefire.junit4.JUnit4TestSet.execute(JUnit4TestSet.java:53)
	at org.apache.maven.surefire.junit4.JUnit4Provider.executeTestSet(JUnit4Provider.java:119)
	at org.apache.maven.surefire.junit4.JUnit4Provider.invoke(JUnit4Provider.java:101)
	at sun.reflect.NativeMethodAccessorImpl.invoke0(Native Method)
	at sun.reflect.NativeMethodAccessorImpl.invoke(NativeMethodAccessorImpl.java:39)
	at sun.reflect.DelegatingMethodAccessorImpl.invoke(DelegatingMethodAccessorImpl.java:25)
	at java.lang.reflect.Method.invoke(Method.java:597)
	at org.apache.maven.surefire.booter.ProviderFactory$ClassLoaderProxy.invoke(ProviderFactory.java:103)
	at $Proxy0.invoke(Unknown Source)
	at org.apache.maven.surefire.booter.SurefireStarter.invokeProvider(SurefireStarter.java:150)
	at org.apache.maven.surefire.booter.SurefireStarter.runSuitesInProcess(SurefireStarter.java:91)
	at org.apache.maven.surefire.booter.ForkedBooter.main(ForkedBooter.java:69)
Caused by: org.springframework.beans.factory.BeanCreationException: Error creating bean with name &apos;transactionManager&apos; defined in file [C:\Projects\RooRelForce120M1\target\classes\META-INF\spring\applicationContext.xml]: Cannot resolve reference to bean &apos;entityManagerFactory&apos; while setting bean property &apos;entityManagerFactory&apos;; nested exception is org.springframework.beans.factory.BeanCreationException: Error creating bean with name &apos;entityManagerFactory&apos; defined in file [C:\Projects\RooRelForce120M1\target\classes\META-INF\spring\applicationContext.xml]: Invocation of init method failed; nested exception is org.datanucleus.exceptions.NucleusException: Failed to get next element
	at org.springframework.beans.factory.support.BeanDefinitionValueResolver.resolveReference(BeanDefinitionValueResolver.java:328)
	at org.springframework.beans.factory.support.BeanDefinitionValueResolver.resolveValueIfNecessary(BeanDefinitionValueResolver.java:106)
[...]
	at org.junit.runners.ParentRunner.access$000(ParentRunner.java:42)
	at org.junit.runners.ParentRunner$2.evaluate(ParentRunner.java:184)
	at org.springframework.test.context.junit4.statements.RunBeforeTestClassCallbacks.evaluate(RunBeforeTestClassCallbacks.java:61)
	at org.springframework.test.context.junit4.statements.RunAfterTestClassCallbacks.evaluate(RunAfterTestClassCallbacks.java:70)
	at org.junit.runners.ParentRunner.run(ParentRunner.java:236)
	at org.springframework.test.context.junit4.SpringJUnit4ClassRunner.run(SpringJUnit4ClassRunner.java:174)
	at org.apache.maven.surefire.junit4.JUnit4TestSet.execute(JUnit4TestSet.java:53)
	at org.apache.maven.surefire.junit4.JUnit4Provider.executeTestSet(JUnit4Provider.java:119)
	at org.apache.maven.surefire.junit4.JUnit4Provider.invoke(JUnit4Provider.java:101)
	at sun.reflect.NativeMethodAccessorImpl.invoke0(Native Method)
	at sun.reflect.NativeMethodAccessorImpl.invoke(NativeMethodAccessorImpl.java:39)
	at sun.reflect.DelegatingMethodAccessorImpl.invoke(DelegatingMethodAccessorImpl.java:25)
	at java.lang.reflect.Method.invoke(Method.java:597)
	at org.apache.maven.surefire.booter.ProviderFactory$ClassLoaderProxy.invoke(ProviderFactory.java:103)
	at $Proxy0.invoke(Unknown Source)
	at org.apache.maven.surefire.booter.SurefireStarter.invokeProvider(SurefireStarter.java:150)
	at org.apache.maven.surefire.booter.SurefireStarter.runSuitesInProcess(SurefireStarter.java:91)
	at org.apache.maven.surefire.booter.ForkedBooter.main(ForkedBooter.java:69)
Caused by: org.springframework.beans.factory.BeanCreationException: Error creating bean with name &apos;transactionManager&apos; defined in file [C:\Projects\RooRelForce120M1\target\classes\META-INF\spring\applicationContext.xml]: Cannot resolve reference to bean &apos;entityManagerFactory&apos; while setting bean property &apos;entityManagerFactory&apos;; nested exception is org.springframework.beans.factory.BeanCreationException: Error creating bean with name &apos;entityManagerFactory&apos; defined in file [C:\Projects\RooRelForce120M1\target\classes\META-INF\spring\applicationContext.xml]: Invocation of init method failed; nested exception is org.datanucleus.exceptions.NucleusException: Failed to get next element
	at org.springframework.beans.factory.support.BeanDefinitionValueResolver.resolveReference(BeanDefinitionValueResolver.java:328)
	at org.springframework.beans.factory.support.BeanDefinitionValueResolver.resolveValueIfNecessary(BeanDefinitionValueResolver.java:106)
	at org.springframework.beans.factory.support.AbstractAutowireCapableBeanFactory.applyPropertyValues(AbstractAutowireCapableBeanFactory.java:1325)
	at org.springframework.beans.factory.support.AbstractAutowireCapableBeanFactory.populateBean(AbstractAutowireCapableBeanFactory.java:1086)
	at org.springframework.beans.factory.support.AbstractAutowireCapableBeanFactory.doCreateBean(AbstractAutowireCapableBeanFactory.java:517)
	at org.springframework.beans.factory.support.AbstractAutowireCapableBeanFactory.createBean(AbstractAutowireCapableBeanFactory.java:456)
	at org.springframework.beans.factory.support.AbstractBeanFactory$1.getObject(AbstractBeanFactory.java:293)
	at org.springframework.beans.factory.support.DefaultSingletonBeanRegistry.getSingleton(DefaultSingletonBeanRegistry.java:222)
	at org.springframework.beans.factory.support.AbstractBeanFactory.doGetBean(AbstractBeanFactory.java:290)
	at org.springframework.beans.factory.support.AbstractBeanFactory.getBean(AbstractBeanFactory.java:192)
	at org.springframework.beans.factory.support.DefaultListableBeanFactory.preInstantiateSingletons(DefaultListableBeanFactory.java:585)
	at org.springframework.context.support.AbstractApplicationContext.finishBeanFactoryInitialization(AbstractApplicationContext.java:895)
	at org.springframework.context.support.AbstractApplicationContext.refresh(AbstractApplicationContext.java:425)
	at org.springframework.test.context.support.AbstractGenericContextLoader.loadContext(AbstractGenericContextLoader.java:84)
	at org.springframework.test.context.support.AbstractGenericContextLoader.loadContext(AbstractGenericContextLoader.java:1)
	at org.springframework.test.context.TestContext.loadApplicationContext(TestContext.java:280)
	at org.springframework.test.context.TestContext.getApplicationContext(TestContext.java:304)
	... 30 more
Caused by: org.springframework.beans.factory.BeanCreationException: Error creating bean with name &apos;entityManagerFactory&apos; defined in file [C:\Projects\RooRelForce120M1\target\classes\META-INF\spring\applicationContext.xml]: Invocation of init method failed; nested exception is org.datanucleus.exceptions.NucleusException: Failed to get next element
	at org.springframework.beans.factory.support.AbstractAutowireCapableBeanFactory.initializeBean(AbstractAutowireCapableBeanFactory.java:1420)
	at org.springframework.beans.factory.support.AbstractAutowireCapableBeanFactory.doCreateBean(AbstractAutowireCapableBeanFactory.java:519)
	at org.springframework.beans.factory.support.AbstractAutowireCapableBeanFactory.createBean(AbstractAutowireCapableBeanFactory.java:456)
	at org.springframework.beans.factory.support.AbstractBeanFactory$1.getObject(AbstractBeanFactory.java:293)
	at org.springframework.beans.factory.support.DefaultSingletonBeanRegistry.getSingleton(DefaultSingletonBeanRegistry.java:222)
	at org.springframework.beans.factory.support.AbstractBeanFactory.doGetBean(AbstractBeanFactory.java:290)
	at org.springframework.beans.factory.support.AbstractBeanFactory.getBean(AbstractBeanFactory.java:192)
	at org.springframework.beans.factory.support.BeanDefinitionValueResolver.resolveReference(BeanDefinitionValueResolver.java:322)
	... 46 more
Caused by: org.datanucleus.exceptions.NucleusException: Failed to get next element
	at com.force.sdk.jpa.schema.ForceStoreSchemaHandler.cacheDescribeSObjects(ForceStoreSchemaHandler.java:153)
	at com.force.sdk.jpa.ForceStoreManager.preInitialiseFileMetaData(ForceStoreManager.java:309)
	at com.force.sdk.jpa.ForceMetaDataManager.initialiseFileMetaDataForUse(ForceMetaDataManager.java:262)
	at org.datanucleus.metadata.MetaDataManager.loadPersistenceUnit(MetaDataManager.java:854)
	at com.force.sdk.jpa.ForceMetaDataManager.loadPersistenceUnit(ForceMetaDataManager.java:113)
	at org.datanucleus.jpa.EntityManagerFactoryImpl.initialisePMF(EntityManagerFactoryImpl.java:598)
	at org.datanucleus.jpa.EntityManagerFactoryImpl.&lt;init&gt;(EntityManagerFactoryImpl.java:282)
	at com.force.sdk.jpa.ForceEntityManagerFactory.&lt;init&gt;(ForceEntityManagerFactory.java:53)
	at com.force.sdk.jpa.PersistenceProviderImpl.createContainerEntityManagerFactory(PersistenceProviderImpl.java:59)
	at org.springframework.orm.jpa.LocalContainerEntityManagerFactoryBean.createNativeEntityManagerFactory(LocalContainerEntityManagerFactoryBean.java:225)
	at org.springframework.orm.jpa.AbstractEntityManagerFactoryBean.afterPropertiesSet(AbstractEntityManagerFactoryBean.java:310)
	at org.springframework.beans.factory.support.AbstractAutowireCapableBeanFactory.invokeInitMethods(AbstractAutowireCapableBeanFactory.java:1477)
	at org.springframework.beans.factory.support.AbstractAutowireCapableBeanFactory.initializeBean(AbstractAutowireCapableBeanFactory.java:1417)
	... 53 more
Caused by: com.sforce.ws.ConnectionException: Failed to get next element
	at com.sforce.ws.parser.XmlInputStream.nextTag(XmlInputStream.java:168)
	at com.sforce.ws.transport.SoapConnection.readSoapEnvelopeStart(SoapConnection.java:249)
	at com.sforce.ws.transport.SoapConnection.bind(SoapConnection.java:163)
	at com.sforce.ws.transport.SoapConnection.receive(SoapConnection.java:147)
	at com.sforce.ws.transport.SoapConnection.send(SoapConnection.java:98)
	at com.sforce.soap.partner.PartnerConnection.login(PartnerConnection.java:1664)
	at com.sforce.soap.partner.PartnerConnection.&lt;init&gt;(PartnerConnection.java:430)
	at com.sforce.soap.partner.Connector.newConnection(Connector.java:27)
	at com.force.sdk.connector.ForceServiceConnector.initConnection(ForceServiceConnector.java:260)
	at com.force.sdk.connector.ForceServiceConnector.initMetadataConnection(ForceServiceConnector.java:416)
	at com.force.sdk.connector.ForceServiceConnector.getNamespace(ForceServiceConnector.java:492)
	at com.force.sdk.jpa.ForceManagedConnection.getNamespace(ForceManagedConnection.java:111)
	at com.force.sdk.jpa.schema.ForceStoreSchemaHandler.cacheDescribeSObjects(ForceStoreSchemaHandler.java:124)
	... 65 more
Caused by: com.sforce.ws.parser.XmlPullParserException: only whitespace content allowed before start tag and not \ufffd (position: START_DOCUMENT seen \ufffd... @1:1) 
	at com.sforce.ws.parser.MXParser.parseProlog(MXParser.java:1505)
	at com.sforce.ws.parser.MXParser.nextImpl(MXParser.java:1382)
	at com.sforce.ws.parser.MXParser.next(MXParser.java:1085)
	at com.sforce.ws.parser.MXParser.nextTag(MXParser.java:1070)
	at com.sforce.ws.parser.XmlInputStream.nextTag(XmlInputStream.java:166)
	... 77 more
</error>
    <system-out>2011-09-23 09:29:47,750 [main] ERROR org.springframework.test.context.TestContextManager - Caught exception while allowing TestExecutionListener [org.springframework.test.context.support.DependencyInjectionTestExecutionListener@ffd135] to prepare test instance [com.serjann.force.domain.MechIntegrationTest@15e0638]
java.lang.IllegalStateException: Failed to load ApplicationContext
	at org.springframework.test.context.TestContext.getApplicationContext(TestContext.java:308)
	at org.springframework.test.context.support.DependencyInjectionTestExecutionListener.injectDependencies(DependencyInjectionTestExecutionListener.java:109)
	at org.springframework.test.context.support.DependencyInjectionTestExecutionListener.prepareTestInstance(DependencyInjectionTestExecutionListener.java:75)
	at org.springframework.test.context.TestContextManager.prepareTestInstance(TestContextManager.java:321)
	at org.springframework.test.context.junit4.SpringJUnit4ClassRunner.createTest(SpringJUnit4ClassRunner.java:211)
	at org.springframework.test.context.junit4.SpringJUnit4ClassRunner$1.runReflectiveCall(SpringJUnit4ClassRunner.java:287)
	at org.junit.internal.runners.model.ReflectiveCallable.run(ReflectiveCallable.java:15)
	at org.springframework.test.context.junit4.SpringJUnit4ClassRunner.methodBlock(SpringJUnit4ClassRunner.java:289)
	at org.springframework.test.context.junit4.SpringJUnit4ClassRunner.runChild(SpringJUnit4ClassRunner.java:231)
	at org.junit.runners.BlockJUnit4ClassRunner.runChild(BlockJUnit4ClassRunner.java:49)
	at org.junit.runners.ParentRunner$3.run(ParentRunner.java:193)
	at org.junit.runners.ParentRunner$1.schedule(ParentRunner.java:52)
	at org.junit.runners.ParentRunner.runChildren(ParentRunner.java:191)
	at org.junit.runners.ParentRunner.access$000(ParentRunner.java:42)
	at org.junit.runners.ParentRunner$2.evaluate(ParentRunner.java:184)
	at org.springframework.test.context.junit4.statements.RunBeforeTestClassCallbacks.evaluate(RunBeforeTestClassCallbacks.java:61)
	at org.springframework.test.context.junit4.statements.RunAfterTestClassCallbacks.evaluate(RunAfterTestClassCallbacks.java:70)
	at org.junit.runners.ParentRunner.run(ParentRunner.java:236)
	at org.springframework.test.context.junit4.SpringJUnit4ClassRunner.run(SpringJUnit4ClassRunner.java:174)
	at org.apache.maven.surefire.junit4.JUnit4TestSet.execute(JUnit4TestSet.java:53)
	at org.apache.maven.surefire.junit4.JUnit4Provider.executeTestSet(JUnit4Provider.java:119)
	at org.apache.maven.surefire.junit4.JUnit4Provider.invoke(JUnit4Provider.java:101)
	at sun.reflect.NativeMethodAccessorImpl.invoke0(Native Method)
	at sun.reflect.NativeMethodAccessorImpl.invoke(NativeMethodAccessorImpl.java:39)
	at sun.reflect.DelegatingMethodAccessorImpl.invoke(DelegatingMethodAccessorImpl.java:25)
	at java.lang.reflect.Method.invoke(Method.java:597)
	at org.apache.maven.surefire.booter.ProviderFactory$ClassLoaderProxy.invoke(ProviderFactory.java:103)
	at $Proxy0.invoke(Unknown Source)
	at org.apache.maven.surefire.booter.SurefireStarter.invokeProvider(SurefireStarter.java:150)
	at org.apache.maven.surefire.booter.SurefireStarter.runSuitesInProcess(SurefireStarter.java:91)
	at org.apache.maven.surefire.booter.ForkedBooter.main(ForkedBooter.java:69)
Caused by: org.springframework.beans.factory.BeanCreationException: Error creating bean with name &apos;transactionManager&apos; defined in file [C:\Projects\RooRelForce120M1\target\classes\META-INF\spring\applicationContext.xml]: Cannot resolve reference to bean &apos;entityManagerFactory&apos; while setting bean property &apos;entityManagerFactory&apos;; nested exception is org.springframework.beans.factory.BeanCreationException: Error creating bean with name &apos;entityManagerFactory&apos; defined in file [C:\Projects\RooRelForce120M1\target\classes\META-INF\spring\applicationContext.xml]: Invocation of init method failed; nested exception is org.datanucleus.exceptions.NucleusException: Failed to get next element
	at org.springframework.beans.factory.support.BeanDefinitionValueResolver.resolveReference(BeanDefinitionValueResolver.java:328)
	at org.springframework.beans.factory.support.BeanDefinitionValueResolver.resolveValueIfNecessary(BeanDefinitionValueResolver.java:106)
	at org.springframework.beans.factory.support.AbstractAutowireCapableBeanFactory.applyPropertyValues(AbstractAutowireCapableBeanFactory.java:1325)
	at org.springframework.beans.factory.support.AbstractAutowireCapableBeanFactory.populateBean(AbstractAutowireCapableBeanFactory.java:1086)
	at org.springframework.beans.factory.support.AbstractAutowireCapableBeanFactory.doCreateBean(AbstractAutowireCapableBeanFactory.java:517)
	at org.springframework.beans.factory.support.AbstractAutowireCapableBeanFactory.createBean(AbstractAutowireCapableBeanFactory.java:456)
	at org.springframework.beans.factory.support.AbstractBeanFactory$1.getObject(AbstractBeanFactory.java:293)
	at org.springframework.beans.factory.support.DefaultSingletonBeanRegistry.getSingleton(DefaultSingletonBeanRegistry.java:222)
	at org.springframework.beans.factory.support.AbstractBeanFactory.doGetBean(AbstractBeanFactory.java:290)
	at org.springframework.beans.factory.support.AbstractBeanFactory.getBean(AbstractBeanFactory.java:192)
	at org.springframework.beans.factory.support.DefaultListableBeanFactory.preInstantiateSingletons(DefaultListableBeanFactory.java:585)
	at org.springframework.context.support.AbstractApplicationContext.finishBeanFactoryInitialization(AbstractApplicationContext.java:895)
	at org.springframework.context.support.AbstractApplicationContext.refresh(AbstractApplicationContext.java:425)
	at org.springframework.test.context.support.AbstractGenericContextLoader.loadContext(AbstractGenericContextLoader.java:84)
	at org.springframework.test.context.support.AbstractGenericContextLoader.loadContext(AbstractGenericContextLoader.java:1)
	at org.springframework.test.context.TestContext.loadApplicationContext(TestContext.java:280)
	at org.springframework.test.context.TestContext.getApplicationContext(TestContext.java:304)
	... 30 more
Caused by: org.springframework.beans.factory.BeanCreationException: Error creating bean with name &apos;entityManagerFactory&apos; defined in file [C:\Projects\RooRelForce120M1\target\classes\META-INF\spring\applicationContext.xml]: Invocation of init method failed; nested exception is org.datanucleus.exceptions.NucleusException: Failed to get next element
	at org.springframework.beans.factory.support.AbstractAutowireCapableBeanFactory.initializeBean(AbstractAutowireCapableBeanFactory.java:1420)
	at org.springframework.beans.factory.support.AbstractAutowireCapableBeanFactory.doCreateBean(AbstractAutowireCapableBeanFactory.java:519)
	at org.springframework.beans.factory.support.AbstractAutowireCapableBeanFactory.createBean(AbstractAutowireCapableBeanFactory.java:456)
	at org.springframework.beans.factory.support.AbstractBeanFactory$1.getObject(AbstractBeanFactory.java:293)
	at org.springframework.beans.factory.support.DefaultSingletonBeanRegistry.getSingleton(DefaultSingletonBeanRegistry.java:222)
	at org.springframework.beans.factory.support.AbstractBeanFactory.doGetBean(AbstractBeanFactory.java:290)
	at org.springframework.beans.factory.support.AbstractBeanFactory.getBean(AbstractBeanFactory.java:192)
	at org.springframework.beans.factory.support.BeanDefinitionValueResolver.resolveReference(BeanDefinitionValueResolver.java:322)
	... 46 more
Caused by: org.datanucleus.exceptions.NucleusException: Failed to get next element
	at com.force.sdk.jpa.schema.ForceStoreSchemaHandler.cacheDescribeSObjects(ForceStoreSchemaHandler.java:153)
	at com.force.sdk.jpa.ForceStoreManager.preInitialiseFileMetaData(ForceStoreManager.java:309)
	at com.force.sdk.jpa.ForceMetaDataManager.initialiseFileMetaDataForUse(ForceMetaDataManager.java:262)
	at org.datanucleus.metadata.MetaDataManager.loadPersistenceUnit(MetaDataManager.java:854)
	at com.force.sdk.jpa.ForceMetaDataManager.loadPersistenceUnit(ForceMetaDataManager.java:113)
	at org.datanucleus.jpa.EntityManagerFactoryImpl.initialisePMF(EntityManagerFactoryImpl.java:598)
	at org.datanucleus.jpa.EntityManagerFactoryImpl.&lt;init&gt;(EntityManagerFactoryImpl.java:282)
	at com.force.sdk.jpa.ForceEntityManagerFactory.&lt;init&gt;(ForceEntityManagerFactory.java:53)
	at com.force.sdk.jpa.PersistenceProviderImpl.createContainerEntityManagerFactory(PersistenceProviderImpl.java:59)
	at org.springframework.orm.jpa.LocalContainerEntityManagerFactoryBean.createNativeEntityManagerFactory(LocalContainerEntityManagerFactoryBean.java:225)
	at org.springframework.orm.jpa.AbstractEntityManagerFactoryBean.afterPropertiesSet(AbstractEntityManagerFactoryBean.java:310)
	at org.springframework.beans.factory.support.AbstractAutowireCapableBeanFactory.invokeInitMethods(AbstractAutowireCapableBeanFactory.java:1477)
	at org.springframework.beans.factory.support.AbstractAutowireCapableBeanFactory.initializeBean(AbstractAutowireCapableBeanFactory.java:1417)
	... 53 more
Caused by: com.sforce.ws.ConnectionException: Failed to get next element
	at com.sforce.ws.parser.XmlInputStream.nextTag(XmlInputStream.java:168)
	at com.sforce.ws.transport.SoapConnection.readSoapEnvelopeStart(SoapConnection.java:249)
	at com.sforce.ws.transport.SoapConnection.bind(SoapConnection.java:163)
	at com.sforce.ws.transport.SoapConnection.receive(SoapConnection.java:147)
	at com.sforce.ws.transport.SoapConnection.send(SoapConnection.java:98)
	at com.sforce.soap.partner.PartnerConnection.login(PartnerConnection.java:1664)
	at com.sforce.soap.partner.PartnerConnection.&lt;init&gt;(PartnerConnection.java:430)
	at com.sforce.soap.partner.Connector.newConnection(Connector.java:27)
	at com.force.sdk.connector.ForceServiceConnector.initConnection(ForceServiceConnector.java:260)
	at com.force.sdk.connector.ForceServiceConnector.initMetadataConnection(ForceServiceConnector.java:416)
	at com.force.sdk.connector.ForceServiceConnector.getNamespace(ForceServiceConnector.java:492)
	at com.force.sdk.jpa.ForceManagedConnection.getNamespace(ForceManagedConnection.java:111)
	at com.force.sdk.jpa.schema.ForceStoreSchemaHandler.cacheDescribeSObjects(ForceStoreSchemaHandler.java:124)
	... 65 more
Caused by: com.sforce.ws.parser.XmlPullParserException: only whitespace content allowed before start tag and not \ufffd (position: START_DOCUMENT seen \ufffd... @1:1) 
	at com.sforce.ws.parser.MXParser.parseProlog(MXParser.java:1505)
	at com.sforce.ws.parser.MXParser.nextImpl(MXParser.java:1382)
	at com.sforce.ws.parser.MXParser.next(MXParser.java:1085)
	at com.sforce.ws.parser.MXParser.nextTag(MXParser.java:1070)
	at com.sforce.ws.parser.XmlInputStream.nextTag(XmlInputStream.java:166)
	... 77 more
</system-out>
  </testcase>
</testsuite>